[2026-07-09 00:43:45.565572654] [[INFO]] HikRobot's daemon thread started.
[2026-07-09 00:43:45.576914915] [[WARN]] Not found camera!
[2026-07-09 00:43:45.677031622] [[WARN]] MV_CC_StopGrabbing failed: {:#x} 2147483648
[2026-07-09 00:43:45.677043379] [[WARN]] Unable to open usb!
[2026-07-09 00:43:45.677319245] [[WARN]] Not found camera!
[2026-07-09 00:43:45.777440778] [[WARN]] MV_CC_StopGrabbing failed: {:#x} 2147483648
[2026-07-09 00:43:45.777472424] [[WARN]] Unable to open usb!
[2026-07-09 00:43:45.778020862] [[WARN]] Not found camera!
[2026-07-09 00:43:45.878242257] [[WARN]] MV_CC_StopGrabbing failed: {:#x} 2147483648
[2026-07-09 00:43:45.878278429] [[WARN]] Unable to open usb!
[2026-07-09 00:43:45.878788493] [[WARN]] Not found camera!
[2026-07-09 00:43:45.979014133] [[WARN]] MV_CC_StopGrabbing failed: {:#x} 2147483648
[2026-07-09 00:43:45.979044825] [[WARN]] Unable to open usb!
[2026-07-09 00:43:45.979483784] [[WARN]] Not found camera!
[2026-07-09 00:43:46.079697838] [[WARN]] MV_CC_StopGrabbing failed: {:#x} 2147483648
[2026-07-09 00:43:46.079731370] [[WARN]] Unable to open usb!
[2026-07-09 00:43:46.080254969] [[WARN]] Not found camera!
[2026-07-09 00:43:46.180480630] [[WARN]] MV_CC_StopGrabbing failed: {:#x} 2147483648
[2026-07-09 00:43:46.180515633] [[WARN]] Unable to open usb!
[2026-07-09 00:43:46.181008689] [[WARN]] Not found camera!
[2026-07-09 00:43:46.281213212] [[WARN]] MV_CC_StopGrabbing failed: {:#x} 2147483648
[2026-07-09 00:43:46.281247392] [[WARN]] Unable to open usb!
[2026-07-09 00:43:46.281721670] [[WARN]] Not found camera!
[2026-07-09 00:43:46.381955531] [[WARN]] MV_CC_StopGrabbing failed: {:#x} 2147483648
[2026-07-09 00:43:46.381991185] [[WARN]] Unable to open usb!
[2026-07-09 00:43:46.382494635] [[WARN]] Not found camera!
[2026-07-09 00:43:46.482727944] [[WARN]] MV_CC_StopGrabbing failed: {:#x} 2147483648
[2026-07-09 00:43:46.482769439] [[WARN]] Unable to open usb!
[2026-07-09 00:43:46.483299274] [[WARN]] Not found camera!
[2026-07-09 00:43:46.583445181] [[WARN]] MV_CC_StopGrabbing failed: {:#x} 2147483648
[2026-07-09 00:43:46.583484744] [[WARN]] Unable to open usb!
[2026-07-09 00:43:46.584006258] [[WARN]] Not found camera!
[2026-07-09 00:43:46.684239016] [[WARN]] MV_CC_StopGrabbing failed: {:#x} 2147483648
[2026-07-09 00:43:46.684269352] [[WARN]] Unable to open usb!
[2026-07-09 00:43:46.684743210] [[WARN]] Not found camera!
[2026-07-09 00:43:46.784978156] [[WARN]] MV_CC_StopGrabbing failed: {:#x} 2147483648
[2026-07-09 00:43:46.785013017] [[WARN]] Unable to open usb!
[2026-07-09 00:43:46.785524426] [[WARN]] Not found camera!
[2026-07-09 00:43:46.885724551] [[WARN]] MV_CC_StopGrabbing failed: {:#x} 2147483648
[2026-07-09 00:43:46.885758171] [[WARN]] Unable to open usb!
[2026-07-09 00:43:46.886189597] [[WARN]] Not found camera!
[2026-07-09 00:43:46.986358902] [[WARN]] MV_CC_StopGrabbing failed: {:#x} 2147483648
[2026-07-09 00:43:46.986367101] [[WARN]] Unable to open usb!
[2026-07-09 00:43:46.986653576] [[WARN]] Not found camera!
[2026-07-09 00:43:47.086871807] [[WARN]] MV_CC_StopGrabbing failed: {:#x} 2147483648
[2026-07-09 00:43:47.086932793] [[WARN]] Unable to open usb!
[2026-07-09 00:43:47.087437957] [[WARN]] Not found camera!
[2026-07-09 00:43:47.187661946] [[WARN]] MV_CC_StopGrabbing failed: {:#x} 2147483648
[2026-07-09 00:43:47.187703108] [[WARN]] Unable to open usb!
[2026-07-09 00:43:47.188261891] [[WARN]] Not found camera!
[2026-07-09 00:43:47.288492781] [[WARN]] MV_CC_StopGrabbing failed: {:#x} 2147483648
[2026-07-09 00:43:47.288530714] [[WARN]] Unable to open usb!
[2026-07-09 00:43:47.289143794] [[WARN]] Not found camera!
[2026-07-09 00:43:47.389369999] [[WARN]] MV_CC_StopGrabbing failed: {:#x} 2147483648
[2026-07-09 00:43:47.389407826] [[WARN]] Unable to open usb!
[2026-07-09 00:43:47.389936974] [[WARN]] Not found camera!
[2026-07-09 00:43:47.490146749] [[WARN]] MV_CC_StopGrabbing failed: {:#x} 2147483648
[2026-07-09 00:43:47.490176323] [[WARN]] Unable to open usb!
[2026-07-09 00:43:47.490634189] [[WARN]] Not found camera!
[2026-07-09 00:43:47.590871587] [[WARN]] MV_CC_StopGrabbing failed: {:#x} 2147483648
[2026-07-09 00:43:47.590916318] [[WARN]] Unable to open usb!
[2026-07-09 00:43:47.591374190] [[WARN]] Not found camera!
[2026-07-09 00:43:47.691607129] [[WARN]] MV_CC_StopGrabbing failed: {:#x} 2147483648
[2026-07-09 00:43:47.691647253] [[WARN]] Unable to open usb!
[2026-07-09 00:43:47.692175377] [[WARN]] Not found camera!
[2026-07-09 00:43:47.792388803] [[WARN]] MV_CC_StopGrabbing failed: {:#x} 2147483648
[2026-07-09 00:43:47.792424907] [[WARN]] Unable to open usb!
[2026-07-09 00:43:47.793098410] [[WARN]] Not found camera!
[2026-07-09 00:43:47.893224135] [[WARN]] MV_CC_StopGrabbing failed: {:#x} 2147483648
[2026-07-09 00:43:47.893254527] [[WARN]] Unable to open usb!
[2026-07-09 00:43:47.893747298] [[WARN]] Not found camera!
[2026-07-09 00:43:47.993924650] [[WARN]] MV_CC_StopGrabbing failed: {:#x} 2147483648
[2026-07-09 00:43:48.127119298] [[INFO]] Reset usb successfully :)
[2026-07-09 00:43:48.996232538] [[INFO]] HikRobot's capture thread started.
[2026-07-09 00:43:49.007396569] [[INFO]] delta_time 0.00155492
[2026-07-09 00:43:49.007405801] [[DEBUG]] auto_aim fps 0.290299
[2026-07-09 00:43:49.014638070] [[INFO]] delta_time 0.00265878
[2026-07-09 00:43:49.018635853] [[INFO]] delta_time 0.000683799
[2026-07-09 00:43:49.024434516] [[INFO]] delta_time 0.000491165
[2026-07-09 00:43:49.030606696] [[INFO]] delta_time 0.00066059
[2026-07-09 00:43:49.039651986] [[INFO]] delta_time 0.00365449
[2026-07-09 00:43:49.042405031] [[INFO]] delta_time 0.000352109
[2026-07-09 00:43:49.048454430] [[INFO]] delta_time 0.00034961
[2026-07-09 00:43:49.054465254] [[INFO]] delta_time 0.000304322
[2026-07-09 00:43:49.060475996] [[INFO]] delta_time 0.000318997
[2026-07-09 00:43:49.066569336] [[INFO]] delta_time 0.000298547
[2026-07-09 00:43:49.072659008] [[INFO]] delta_time 0.000356659
[2026-07-09 00:43:49.078845390] [[INFO]] delta_time 0.000386676
[2026-07-09 00:43:49.084852980] [[INFO]] delta_time 0.000294188
[2026-07-09 00:43:49.090954047] [[INFO]] delta_time 0.000288095
[2026-07-09 00:43:49.097186002] [[INFO]] delta_time 0.000474927
[2026-07-09 00:43:49.103498418] [[INFO]] delta_time 0.000691146
[2026-07-09 00:43:49.109356124] [[INFO]] delta_time 0.000537429
[2026-07-09 00:43:49.115396537] [[INFO]] delta_time 0.000433284
[2026-07-09 00:43:49.121472363] [[INFO]] delta_time 0.00044588
[2026-07-09 00:43:49.127275076] [[INFO]] delta_time 0.000376388
[2026-07-09 00:43:49.133421865] [[INFO]] delta_time 0.000430458
[2026-07-09 00:43:49.139367131] [[INFO]] delta_time 0.000304976
[2026-07-09 00:43:49.145392768] [[INFO]] delta_time 0.000300814
[2026-07-09 00:43:49.151741345] [[INFO]] delta_time 0.000454357
[2026-07-09 00:43:49.157553892] [[INFO]] delta_time 0.000309143
[2026-07-09 00:43:49.163803583] [[INFO]] delta_time 0.000435115
[2026-07-09 00:43:49.169949914] [[INFO]] delta_time 0.000424957
[2026-07-09 00:43:49.175920021] [[INFO]] delta_time 0.000355454
[2026-07-09 00:43:49.182029632] [[INFO]] delta_time 0.000524772
[2026-07-09 00:43:49.187954412] [[INFO]] delta_time 0.000415596
[2026-07-09 00:43:49.194077013] [[INFO]] delta_time 0.000379369
[2026-07-09 00:43:49.200184742] [[INFO]] delta_time 0.00037318
[2026-07-09 00:43:49.206293907] [[INFO]] delta_time 0.000474382
[2026-07-09 00:43:49.212149580] [[INFO]] delta_time 0.000375634
[2026-07-09 00:43:49.218405516] [[INFO]] delta_time 0.000375963
[2026-07-09 00:43:49.224528397] [[INFO]] delta_time 0.000416379
[2026-07-09 00:43:49.230625423] [[INFO]] delta_time 0.000465248
[2026-07-09 00:43:49.236470871] [[INFO]] delta_time 0.00041388
[2026-07-09 00:43:49.242570732] [[INFO]] delta_time 0.0003505
[2026-07-09 00:43:49.248673562] [[INFO]] delta_time 0.000389898
[2026-07-09 00:43:49.254734975] [[INFO]] delta_time 0.000429461
[2026-07-09 00:43:49.260937355] [[INFO]] delta_time 0.000523931
[2026-07-09 00:43:49.266815554] [[INFO]] delta_time 0.000410439
[2026-07-09 00:43:49.273033330] [[INFO]] delta_time 0.000478098
[2026-07-09 00:43:49.278965716] [[INFO]] delta_time 0.000316875
[2026-07-09 00:43:49.285091393] [[INFO]] delta_time 0.000430917
[2026-07-09 00:43:49.290970759] [[INFO]] delta_time 0.000280513
[2026-07-09 00:43:49.297392477] [[INFO]] delta_time 0.000476742
[2026-07-09 00:43:49.303380865] [[INFO]] delta_time 0.000444964
[2026-07-09 00:43:49.309039116] [[INFO]] delta_time 0.000312446
[2026-07-09 00:43:49.315477264] [[INFO]] delta_time 0.000302626
[2026-07-09 00:43:49.321416495] [[INFO]] delta_time 0.000345882
[2026-07-09 00:43:49.327428485] [[INFO]] delta_time 0.000294414
[2026-07-09 00:43:49.334904384] [[INFO]] delta_time 0.00176577
[2026-07-09 00:43:49.339647917] [[INFO]] delta_time 0.000386694
[2026-07-09 00:43:49.345608575] [[INFO]] delta_time 0.000398647
[2026-07-09 00:43:49.351652086] [[INFO]] delta_time 0.000410442
[2026-07-09 00:43:49.357760498] [[INFO]] delta_time 0.000424435
[2026-07-09 00:43:49.363701369] [[INFO]] delta_time 0.000354506
[2026-07-09 00:43:49.369746849] [[INFO]] delta_time 0.000371687
[2026-07-09 00:43:49.375816124] [[INFO]] delta_time 0.000291905
[2026-07-09 00:43:49.382064441] [[INFO]] delta_time 0.00043451
[2026-07-09 00:43:49.388090702] [[INFO]] delta_time 0.000287492
[2026-07-09 00:43:49.394017618] [[INFO]] delta_time 0.000247325
[2026-07-09 00:43:49.400221035] [[INFO]] delta_time 0.000491778
[2026-07-09 00:43:49.406173088] [[INFO]] delta_time 0.000373081
[2026-07-09 00:43:49.412263928] [[INFO]] delta_time 0.000364872
[2026-07-09 00:43:49.418325606] [[INFO]] delta_time 0.00035462
[2026-07-09 00:43:49.424388814] [[INFO]] delta_time 0.000320821
[2026-07-09 00:43:49.430426958] [[INFO]] delta_time 0.000329167
[2026-07-09 00:43:49.436526605] [[INFO]] delta_time 0.000401868
[2026-07-09 00:43:49.442493169] [[INFO]] delta_time 0.000374599
[2026-07-09 00:43:49.448653560] [[INFO]] delta_time 0.00037724
[2026-07-09 00:43:49.454727533] [[INFO]] delta_time 0.000372285
[2026-07-09 00:43:49.460916164] [[INFO]] delta_time 0.000454752
[2026-07-09 00:43:49.466739141] [[INFO]] delta_time 0.000354676
[2026-07-09 00:43:49.472864945] [[INFO]] delta_time 0.000407901
[2026-07-09 00:43:49.478861641] [[INFO]] delta_time 0.000299823
[2026-07-09 00:43:49.484955575] [[INFO]] delta_time 0.000316238
[2026-07-09 00:43:49.491009745] [[INFO]] delta_time 0.000295073
[2026-07-09 00:43:49.497005553] [[INFO]] delta_time 0.000253169
[2026-07-09 00:43:49.503593676] [[INFO]] delta_time 0.000649027
[2026-07-09 00:43:49.509418536] [[INFO]] delta_time 0.00042393
[2026-07-09 00:43:49.517066008] [[INFO]] delta_time 0.00212821
[2026-07-09 00:43:49.521314108] [[INFO]] delta_time 0.000341054
[2026-07-09 00:43:49.527386412] [[INFO]] delta_time 0.000356535
[2026-07-09 00:43:49.533298794] [[INFO]] delta_time 0.00026413
[2026-07-09 00:43:49.539384363] [[INFO]] delta_time 0.000269649
[2026-07-09 00:43:49.545438183] [[INFO]] delta_time 0.000270768
[2026-07-09 00:43:49.551474686] [[INFO]] delta_time 0.000249796
[2026-07-09 00:43:49.557718881] [[INFO]] delta_time 0.000372833
[2026-07-09 00:43:49.563746264] [[INFO]] delta_time 0.000335484
[2026-07-09 00:43:49.569976177] [[INFO]] delta_time 0.000537872
[2026-07-09 00:43:49.576109074] [[INFO]] delta_time 0.000452572
[2026-07-09 00:43:49.582007231] [[INFO]] delta_time 0.000300121
[2026-07-09 00:43:49.588160406] [[INFO]] delta_time 0.000452748
[2026-07-09 00:43:49.594104933] [[INFO]] delta_time 0.000325914
[2026-07-09 00:43:49.600119247] [[INFO]] delta_time 0.000350185
[2026-07-09 00:43:49.606245946] [[INFO]] delta_time 0.000375309
[2026-07-09 00:43:49.612357835] [[INFO]] delta_time 0.000408965
[2026-07-09 00:43:49.618564219] [[INFO]] delta_time 0.000478906
[2026-07-09 00:43:49.624333566] [[INFO]] delta_time 0.000291276
[2026-07-09 00:43:49.630429671] [[INFO]] delta_time 0.000381921
[2026-07-09 00:43:49.636541628] [[INFO]] delta_time 0.000357867
[2026-07-09 00:43:49.642509164] [[INFO]] delta_time 0.000296474
[2026-07-09 00:43:49.648652540] [[INFO]] delta_time 0.000389363
[2026-07-09 00:43:49.654652561] [[INFO]] delta_time 0.000336698
[2026-07-09 00:43:49.660795919] [[INFO]] delta_time 0.000374752
[2026-07-09 00:43:49.666788950] [[INFO]] delta_time 0.000293863
[2026-07-09 00:43:49.673111777] [[INFO]] delta_time 0.000607507
[2026-07-09 00:43:49.679150555] [[INFO]] delta_time 0.000521499
[2026-07-09 00:43:49.685087114] [[INFO]] delta_time 0.000480983
[2026-07-09 00:43:49.691300026] [[INFO]] delta_time 0.000415876
[2026-07-09 00:43:49.697181769] [[INFO]] delta_time 0.000346579
[2026-07-09 00:43:49.703197650] [[INFO]] delta_time 0.000345841
[2026-07-09 00:43:49.709233838] [[INFO]] delta_time 0.000324811
[2026-07-09 00:43:49.715299679] [[INFO]] delta_time 0.000309049
[2026-07-09 00:43:49.721299902] [[INFO]] delta_time 0.000272107
[2026-07-09 00:43:49.727535614] [[INFO]] delta_time 0.00042687
[2026-07-09 00:43:49.733703641] [[INFO]] delta_time 0.000506727
[2026-07-09 00:43:49.739523937] [[INFO]] delta_time 0.000321115
[2026-07-09 00:43:49.745653084] [[INFO]] delta_time 0.000354258
[2026-07-09 00:43:49.751665225] [[INFO]] delta_time 0.000293688
[2026-07-09 00:43:49.757828815] [[INFO]] delta_time 0.000347486
[2026-07-09 00:43:49.763945548] [[INFO]] delta_time 0.000383979
[2026-07-09 00:43:49.770110958] [[INFO]] delta_time 0.000468218
[2026-07-09 00:43:49.776205305] [[INFO]] delta_time 0.000514706
[2026-07-09 00:43:49.782200802] [[INFO]] delta_time 0.000468191
[2026-07-09 00:43:49.788248253] [[INFO]] delta_time 0.000405424
[2026-07-09 00:43:49.794386097] [[INFO]] delta_time 0.000448933
[2026-07-09 00:43:49.800476633] [[INFO]] delta_time 0.000499923
[2026-07-09 00:43:49.806413233] [[INFO]] delta_time 0.000379693
[2026-07-09 00:43:49.812356688] [[INFO]] delta_time 0.00034527
[2026-07-09 00:43:49.818523859] [[INFO]] delta_time 0.000372537
[2026-07-09 00:43:49.824396383] [[INFO]] delta_time 0.000272354
[2026-07-09 00:43:49.830531810] [[INFO]] delta_time 0.000329303
[2026-07-09 00:43:49.836562993] [[INFO]] delta_time 0.000344992
[2026-07-09 00:43:49.842754454] [[INFO]] delta_time 0.000382527
[2026-07-09 00:43:49.848873322] [[INFO]] delta_time 0.000462101
[2026-07-09 00:43:49.854873634] [[INFO]] delta_time 0.000378978
[2026-07-09 00:43:49.861046238] [[INFO]] delta_time 0.000486165
[2026-07-09 00:43:49.866970446] [[INFO]] delta_time 0.00032948
[2026-07-09 00:43:49.872988071] [[INFO]] delta_time 0.000342492
[2026-07-09 00:43:49.879103767] [[INFO]] delta_time 0.000416766
[2026-07-09 00:43:49.885113409] [[INFO]] delta_time 0.000350753
[2026-07-09 00:43:49.891317711] [[INFO]] delta_time 0.000484964
[2026-07-09 00:43:49.897343660] [[INFO]] delta_time 0.000443118
[2026-07-09 00:43:49.903272061] [[INFO]] delta_time 0.000345585
[2026-07-09 00:43:49.909286142] [[INFO]] delta_time 0.000293102
[2026-07-09 00:43:49.915383779] [[INFO]] delta_time 0.000336211
[2026-07-09 00:43:49.921339252] [[INFO]] delta_time 0.000269553
[2026-07-09 00:43:49.927588890] [[INFO]] delta_time 0.000389634
[2026-07-09 00:43:49.933498956] [[INFO]] delta_time 0.000297717
[2026-07-09 00:43:49.939653655] [[INFO]] delta_time 0.00031661
[2026-07-09 00:43:49.945700346] [[INFO]] delta_time 0.000313997
[2026-07-09 00:43:49.951904482] [[INFO]] delta_time 0.00037917
[2026-07-09 00:43:49.957949286] [[INFO]] delta_time 0.000363605
[2026-07-09 00:43:49.964033860] [[INFO]] delta_time 0.000412726
[2026-07-09 00:43:49.970171558] [[INFO]] delta_time 0.000451208
[2026-07-09 00:43:49.976141298] [[INFO]] delta_time 0.000435731
[2026-07-09 00:43:49.982165055] [[INFO]] delta_time 0.000398131
[2026-07-09 00:43:49.988260990] [[INFO]] delta_time 0.00031798
[2026-07-09 00:43:49.994281903] [[INFO]] delta_time 0.000355683
[2026-07-09 00:43:50.000437069] [[INFO]] delta_time 0.000349109
[2026-07-09 00:43:50.006557330] [[INFO]] delta_time 0.000387644
[2026-07-09 00:43:50.012664556] [[INFO]] delta_time 0.00048919
[2026-07-09 00:43:50.012671729] [[DEBUG]] auto_aim fps 165.128
[2026-07-09 00:43:50.018556804] [[INFO]] delta_time 0.000285507
[2026-07-09 00:43:50.024494009] [[INFO]] delta_time 0.000312909
[2026-07-09 00:43:50.030910833] [[INFO]] delta_time 0.000618516
[2026-07-09 00:43:50.036782596] [[INFO]] delta_time 0.000383298
[2026-07-09 00:43:50.042835028] [[INFO]] delta_time 0.000397219
[2026-07-09 00:43:50.048894134] [[INFO]] delta_time 0.000369958
[2026-07-09 00:43:50.054925335] [[INFO]] delta_time 0.000301619
[2026-07-09 00:43:50.061014843] [[INFO]] delta_time 0.000349864
[2026-07-09 00:43:50.066877421] [[INFO]] delta_time 0.000243386
[2026-07-09 00:43:50.073083340] [[INFO]] delta_time 0.000263577
[2026-07-09 00:43:50.079129703] [[INFO]] delta_time 0.00035072
[2026-07-09 00:43:50.085407501] [[INFO]] delta_time 0.000508021
[2026-07-09 00:43:50.091203657] [[INFO]] delta_time 0.000313397
[2026-07-09 00:43:50.097496842] [[INFO]] delta_time 0.000387965
[2026-07-09 00:43:50.103568715] [[INFO]] delta_time 0.000381291
[2026-07-09 00:43:50.109643890] [[INFO]] delta_time 0.000479683
[2026-07-09 00:43:50.115691598] [[INFO]] delta_time 0.000382164
[2026-07-09 00:43:50.121642954] [[INFO]] delta_time 0.000357864
[2026-07-09 00:43:50.127749763] [[INFO]] delta_time 0.000326897
[2026-07-09 00:43:50.133793273] [[INFO]] delta_time 0.00028935
[2026-07-09 00:43:50.140071118] [[INFO]] delta_time 0.000422702
[2026-07-09 00:43:50.145947885] [[INFO]] delta_time 0.000307792
[2026-07-09 00:43:50.152140286] [[INFO]] delta_time 0.000527642
[2026-07-09 00:43:50.158089554] [[INFO]] delta_time 0.000378282
[2026-07-09 00:43:50.164107378] [[INFO]] delta_time 0.000400313
[2026-07-09 00:43:50.170145436] [[INFO]] delta_time 0.000320993
[2026-07-09 00:43:50.176225601] [[INFO]] delta_time 0.000390407
[2026-07-09 00:43:50.182224255] [[INFO]] delta_time 0.000318911
[2026-07-09 00:43:50.188455362] [[INFO]] delta_time 0.000458086
[2026-07-09 00:43:50.194536924] [[INFO]] delta_time 0.000444588
[2026-07-09 00:43:50.200353163] [[INFO]] delta_time 0.0003325
[2026-07-09 00:43:50.206626261] [[INFO]] delta_time 0.000528331
[2026-07-09 00:43:50.212758467] [[INFO]] delta_time 0.000580485
[2026-07-09 00:43:50.218591859] [[INFO]] delta_time 0.000333199
[2026-07-09 00:43:50.224607588] [[INFO]] delta_time 0.000293639
[2026-07-09 00:43:50.230948825] [[INFO]] delta_time 0.000397036
[2026-07-09 00:43:50.237585897] [[INFO]] delta_time 0.000980896
[2026-07-09 00:43:50.243279650] [[INFO]] delta_time 0.000711096
[2026-07-09 00:43:50.249127686] [[INFO]] delta_time 0.000351808
[2026-07-09 00:43:50.255219510] [[INFO]] delta_time 0.000537631
[2026-07-09 00:43:50.261355277] [[INFO]] delta_time 0.000574387
[2026-07-09 00:43:50.267212112] [[INFO]] delta_time 0.000343533
[2026-07-09 00:43:50.273400547] [[INFO]] delta_time 0.000373839
[2026-07-09 00:43:50.279354095] [[INFO]] delta_time 0.000348854
[2026-07-09 00:43:50.285582711] [[INFO]] delta_time 0.000416262
[2026-07-09 00:43:50.291579493] [[INFO]] delta_time 0.000397164
[2026-07-09 00:43:50.297597087] [[INFO]] delta_time 0.000333293
[2026-07-09 00:43:50.303820291] [[INFO]] delta_time 0.000567665
[2026-07-09 00:43:50.309632544] [[INFO]] delta_time 0.000339083
[2026-07-09 00:43:50.315908208] [[INFO]] delta_time 0.00056909
[2026-07-09 00:43:50.321697514] [[INFO]] delta_time 0.000303506
[2026-07-09 00:43:50.327776671] [[INFO]] delta_time 0.000256726
[2026-07-09 00:43:50.333987258] [[INFO]] delta_time 0.000392785
[2026-07-09 00:43:50.339969318] [[INFO]] delta_time 0.000372771
[2026-07-09 00:43:50.346117757] [[INFO]] delta_time 0.00039881
[2026-07-09 00:43:50.352192632] [[INFO]] delta_time 0.000451434
[2026-07-09 00:43:50.358197717] [[INFO]] delta_time 0.000383022
[2026-07-09 00:43:50.364244265] [[INFO]] delta_time 0.000409534
[2026-07-09 00:43:50.370274859] [[INFO]] delta_time 0.000337811
[2026-07-09 00:43:50.376301606] [[INFO]] delta_time 0.000293908
[2026-07-09 00:43:50.382440354] [[INFO]] delta_time 0.000373785
[2026-07-09 00:43:50.388641018] [[INFO]] delta_time 0.000445754
[2026-07-09 00:43:50.394412671] [[INFO]] delta_time 0.000311707
[2026-07-09 00:43:50.400558491] [[INFO]] delta_time 0.000323973
[2026-07-09 00:43:50.406723353] [[INFO]] delta_time 0.00037773
[2026-07-09 00:43:50.412775102] [[INFO]] delta_time 0.000401779
[2026-07-09 00:43:50.418870032] [[INFO]] delta_time 0.000351922
[2026-07-09 00:43:50.424908243] [[INFO]] delta_time 0.000352605
[2026-07-09 00:43:50.431518767] [[INFO]] delta_time 0.000851926
[2026-07-09 00:43:50.437009031] [[INFO]] delta_time 0.000353951
[2026-07-09 00:43:50.443231934] [[INFO]] delta_time 0.000435037
[2026-07-09 00:43:50.449105359] [[INFO]] delta_time 0.000393398
[2026-07-09 00:43:50.455216102] [[INFO]] delta_time 0.000337333
[2026-07-09 00:43:50.461215726] [[INFO]] delta_time 0.000350759
[2026-07-09 00:43:50.467262934] [[INFO]] delta_time 0.000323006
[2026-07-09 00:43:50.473324118] [[INFO]] delta_time 0.000291149
[2026-07-09 00:43:50.479392316] [[INFO]] delta_time 0.000376654
[2026-07-09 00:43:50.485613499] [[INFO]] delta_time 0.000453257
[2026-07-09 00:43:50.491659467] [[INFO]] delta_time 0.000426528
[2026-07-09 00:43:50.497612100] [[INFO]] delta_time 0.000373337
[2026-07-09 00:43:50.503447191] [[INFO]] delta_time 0.000298534
[2026-07-09 00:43:50.509587397] [[INFO]] delta_time 0.000291531
[2026-07-09 00:43:50.515725506] [[INFO]] delta_time 0.000344564
[2026-07-09 00:43:50.521756875] [[INFO]] delta_time 0.000336098
[2026-07-09 00:43:50.527873397] [[INFO]] delta_time 0.000366714
[2026-07-09 00:43:50.533982186] [[INFO]] delta_time 0.000299189
[2026-07-09 00:43:50.540055826] [[INFO]] delta_time 0.000320681
[2026-07-09 00:43:50.546188939] [[INFO]] delta_time 0.000428609
[2026-07-09 00:43:50.552260036] [[INFO]] delta_time 0.00041634
[2026-07-09 00:43:50.558228899] [[INFO]] delta_time 0.000379935
[2026-07-09 00:43:50.564347656] [[INFO]] delta_time 0.000466124
[2026-07-09 00:43:50.570223755] [[INFO]] delta_time 0.000362599
[2026-07-09 00:43:50.576349754] [[INFO]] delta_time 0.000407331
[2026-07-09 00:43:50.582550733] [[INFO]] delta_time 0.000495988
[2026-07-09 00:43:50.588549312] [[INFO]] delta_time 0.000415164
[2026-07-09 00:43:50.594460132] [[INFO]] delta_time 0.000261076
[2026-07-09 00:43:50.600388246] [[INFO]] delta_time 0.000244771
[2026-07-09 00:43:50.606517875] [[INFO]] delta_time 0.000266464
[2026-07-09 00:43:50.612898668] [[INFO]] delta_time 0.000444266
[2026-07-09 00:43:50.618885238] [[INFO]] delta_time 0.000345766
[2026-07-09 00:43:50.624902468] [[INFO]] delta_time 0.000370777
[2026-07-09 00:43:50.631025826] [[INFO]] delta_time 0.000321392
[2026-07-09 00:43:50.637045531] [[INFO]] delta_time 0.000286919
[2026-07-09 00:43:50.642967764] [[INFO]] delta_time 0.000295276
[2026-07-09 00:43:50.649025504] [[INFO]] delta_time 0.000349909
[2026-07-09 00:43:50.655067432] [[INFO]] delta_time 0.000312898
[2026-07-09 00:43:50.661251326] [[INFO]] delta_time 0.00035269
[2026-07-09 00:43:50.667346818] [[INFO]] delta_time 0.000326086
[2026-07-09 00:43:50.673247001] [[INFO]] delta_time 0.000337073
[2026-07-09 00:43:50.679333212] [[INFO]] delta_time 0.000314864
[2026-07-09 00:43:50.685482911] [[INFO]] delta_time 0.000387737
[2026-07-09 00:43:50.691518861] [[INFO]] delta_time 0.000383464
[2026-07-09 00:43:50.697550683] [[INFO]] delta_time 0.000353666
[2026-07-09 00:43:50.703651138] [[INFO]] delta_time 0.000373068
[2026-07-09 00:43:50.709797041] [[INFO]] delta_time 0.000385186
[2026-07-09 00:43:50.715851180] [[INFO]] delta_time 0.000322364
[2026-07-09 00:43:50.721921570] [[INFO]] delta_time 0.000330223
[2026-07-09 00:43:50.728024406] [[INFO]] delta_time 0.000410614
[2026-07-09 00:43:50.734179863] [[INFO]] delta_time 0.000498235
[2026-07-09 00:43:50.740200519] [[INFO]] delta_time 0.000477893
[2026-07-09 00:43:50.746118449] [[INFO]] delta_time 0.000293345
[2026-07-09 00:43:50.752319235] [[INFO]] delta_time 0.000421827
[2026-07-09 00:43:50.758144700] [[INFO]] delta_time 0.000252392
[2026-07-09 00:43:50.764490014] [[INFO]] delta_time 0.000449913
[2026-07-09 00:43:50.770679535] [[INFO]] delta_time 0.000352918
[2026-07-09 00:43:50.776782003] [[INFO]] delta_time 0.000378935
[2026-07-09 00:43:50.782590578] [[INFO]] delta_time 0.000337577
[2026-07-09 00:43:50.788732893] [[INFO]] delta_time 0.000316662
[2026-07-09 00:43:50.794987664] [[INFO]] delta_time 0.000435945
[2026-07-09 00:43:50.800892937] [[INFO]] delta_time 0.000440067
[2026-07-09 00:43:50.806854059] [[INFO]] delta_time 0.000334459
[2026-07-09 00:43:50.812996930] [[INFO]] delta_time 0.000362691
[2026-07-09 00:43:50.819094790] [[INFO]] delta_time 0.000339695
[2026-07-09 00:43:50.825150568] [[INFO]] delta_time 0.000369654
[2026-07-09 00:43:50.831101762] [[INFO]] delta_time 0.000305856
[2026-07-09 00:43:50.837369038] [[INFO]] delta_time 0.000496966
[2026-07-09 00:43:50.843366249] [[INFO]] delta_time 0.000402913
[2026-07-09 00:43:50.849374459] [[INFO]] delta_time 0.000398859
[2026-07-09 00:43:50.855322134] [[INFO]] delta_time 0.00028982
[2026-07-09 00:43:50.861397143] [[INFO]] delta_time 0.000362737
[2026-07-09 00:43:50.867462086] [[INFO]] delta_time 0.000482355
[2026-07-09 00:43:50.873437972] [[INFO]] delta_time 0.000324662
[2026-07-09 00:43:50.879608553] [[INFO]] delta_time 0.000400828
[2026-07-09 00:43:50.885463182] [[INFO]] delta_time 0.00029205
[2026-07-09 00:43:50.891616793] [[INFO]] delta_time 0.000318794
[2026-07-09 00:43:50.897960315] [[INFO]] delta_time 0.000556117
[2026-07-09 00:43:50.903982714] [[INFO]] delta_time 0.000540165
[2026-07-09 00:43:50.910201449] [[INFO]] delta_time 0.000628467
[2026-07-09 00:43:50.915983986] [[INFO]] delta_time 0.000412348
[2026-07-09 00:43:50.921889553] [[INFO]] delta_time 0.000297753
[2026-07-09 00:43:50.928281231] [[INFO]] delta_time 0.000542291
[2026-07-09 00:43:50.934114657] [[INFO]] delta_time 0.00029967
[2026-07-09 00:43:50.940271427] [[INFO]] delta_time 0.000402739
[2026-07-09 00:43:50.946320864] [[INFO]] delta_time 0.000425984
[2026-07-09 00:43:50.952322949] [[INFO]] delta_time 0.000446229
[2026-07-09 00:43:50.958396555] [[INFO]] delta_time 0.000287758
[2026-07-09 00:43:50.964410952] [[INFO]] delta_time 0.000344408
[2026-07-09 00:43:50.970628305] [[INFO]] delta_time 0.000373333
[2026-07-09 00:43:50.976566232] [[INFO]] delta_time 0.000446835
[2026-07-09 00:43:50.982662562] [[INFO]] delta_time 0.000507202
[2026-07-09 00:43:50.988827399] [[INFO]] delta_time 0.000401249
[2026-07-09 00:43:50.994837113] [[INFO]] delta_time 0.000445325
[2026-07-09 00:43:51.000786328] [[INFO]] delta_time 0.000341435
[2026-07-09 00:43:51.007121996] [[INFO]] delta_time 0.00047192
[2026-07-09 00:43:51.012841501] [[INFO]] delta_time 0.000290639
[2026-07-09 00:43:51.012849871] [[DEBUG]] auto_aim fps 164.971
[2026-07-09 00:43:51.018830853] [[INFO]] delta_time 0.000259165
[2026-07-09 00:43:51.025042952] [[INFO]] delta_time 0.000333307
[2026-07-09 00:43:51.031284119] [[INFO]] delta_time 0.000598025
[2026-07-09 00:43:51.037229704] [[INFO]] delta_time 0.000431686
[2026-07-09 00:43:51.043380031] [[INFO]] delta_time 0.000452476
[2026-07-09 00:43:51.049154276] [[INFO]] delta_time 0.000290047
[2026-07-09 00:43:51.055394959] [[INFO]] delta_time 0.000460001
[2026-07-09 00:43:51.061393747] [[INFO]] delta_time 0.000397165
[2026-07-09 00:43:51.067604644] [[INFO]] delta_time 0.000549539
[2026-07-09 00:43:51.073575887] [[INFO]] delta_time 0.00042238
[2026-07-09 00:43:51.079545528] [[INFO]] delta_time 0.000339965
[2026-07-09 00:43:51.085602533] [[INFO]] delta_time 0.000344408
[2026-07-09 00:43:51.091636354] [[INFO]] delta_time 0.000331577
[2026-07-09 00:43:51.097902868] [[INFO]] delta_time 0.000487726
[2026-07-09 00:43:51.103757019] [[INFO]] delta_time 0.00030363
[2026-07-09 00:43:51.109933394] [[INFO]] delta_time 0.000319406
[2026-07-09 00:43:51.115970883] [[INFO]] delta_time 0.000257604
[2026-07-09 00:43:51.122209832] [[INFO]] delta_time 0.000502628
[2026-07-09 00:43:51.128140231] [[INFO]] delta_time 0.00040144
[2026-07-09 00:43:51.134094099] [[INFO]] delta_time 0.000286985
[2026-07-09 00:43:51.140257458] [[INFO]] delta_time 0.000397006
[2026-07-09 00:43:51.146288635] [[INFO]] delta_time 0.00036561
[2026-07-09 00:43:51.152421262] [[INFO]] delta_time 0.000397447
[2026-07-09 00:43:51.158446744] [[INFO]] delta_time 0.000420761
[2026-07-09 00:43:51.164442509] [[INFO]] delta_time 0.000357803
[2026-07-09 00:43:51.170490081] [[INFO]] delta_time 0.000374528
[2026-07-09 00:43:51.176647871] [[INFO]] delta_time 0.000359928
[2026-07-09 00:43:51.182737989] [[INFO]] delta_time 0.000429074
[2026-07-09 00:43:51.189100853] [[INFO]] delta_time 0.000506793
[2026-07-09 00:43:51.194832760] [[INFO]] delta_time 0.000353637
[2026-07-09 00:43:51.200844683] [[INFO]] delta_time 0.000261984
[2026-07-09 00:43:51.207120359] [[INFO]] delta_time 0.000382935
[2026-07-09 00:43:51.213080774] [[INFO]] delta_time 0.000406569
[2026-07-09 00:43:51.218989872] [[INFO]] delta_time 0.000323581
[2026-07-09 00:43:51.225107099] [[INFO]] delta_time 0.000344667
[2026-07-09 00:43:51.231203565] [[INFO]] delta_time 0.000351929
[2026-07-09 00:43:51.237250895] [[INFO]] delta_time 0.000371564
[2026-07-09 00:43:51.243295401] [[INFO]] delta_time 0.000282341
[2026-07-09 00:43:51.249373472] [[INFO]] delta_time 0.000364256
[2026-07-09 00:43:51.255551144] [[INFO]] delta_time 0.00049905
[2026-07-09 00:43:51.261531611] [[INFO]] delta_time 0.000441523
[2026-07-09 00:43:51.267628198] [[INFO]] delta_time 0.000453829
[2026-07-09 00:43:51.273588786] [[INFO]] delta_time 0.000338935
[2026-07-09 00:43:51.279763274] [[INFO]] delta_time 0.000407097
[2026-07-09 00:43:51.285970388] [[INFO]] delta_time 0.0004125
[2026-07-09 00:43:51.291928238] [[INFO]] delta_time 0.000435831
[2026-07-09 00:43:51.297945452] [[INFO]] delta_time 0.000367591
[2026-07-09 00:43:51.303973625] [[INFO]] delta_time 0.000348281
[2026-07-09 00:43:51.310055569] [[INFO]] delta_time 0.000364133
[2026-07-09 00:43:51.316217133] [[INFO]] delta_time 0.000449738
[2026-07-09 00:43:51.322142626] [[INFO]] delta_time 0.000368889
[2026-07-09 00:43:51.328099641] [[INFO]] delta_time 0.000288461
[2026-07-09 00:43:51.334223788] [[INFO]] delta_time 0.000349496
[2026-07-09 00:43:51.340391233] [[INFO]] delta_time 0.000391626
[2026-07-09 00:43:51.346438434] [[INFO]] delta_time 0.000412807
[2026-07-09 00:43:51.352494634] [[INFO]] delta_time 0.000325988
[2026-07-09 00:43:51.358428979] [[INFO]] delta_time 0.000325201
[2026-07-09 00:43:51.364600973] [[INFO]] delta_time 0.00033302
[2026-07-09 00:43:51.370653068] [[INFO]] delta_time 0.000353262
[2026-07-09 00:43:51.376926559] [[INFO]] delta_time 0.000425214
[2026-07-09 00:43:51.382812825] [[INFO]] delta_time 0.000431228
[2026-07-09 00:43:51.388870498] [[INFO]] delta_time 0.000395371
[2026-07-09 00:43:51.394849417] [[INFO]] delta_time 0.000358683
[2026-07-09 00:43:51.400951476] [[INFO]] delta_time 0.000436852
[2026-07-09 00:43:51.406919825] [[INFO]] delta_time 0.000337789
[2026-07-09 00:43:51.413021768] [[INFO]] delta_time 0.000389245
[2026-07-09 00:43:51.419044546] [[INFO]] delta_time 0.000334762
[2026-07-09 00:43:51.425138163] [[INFO]] delta_time 0.000370356
[2026-07-09 00:43:51.431312114] [[INFO]] delta_time 0.00036054
[2026-07-09 00:43:51.437370300] [[INFO]] delta_time 0.000363736
[2026-07-09 00:43:51.443412298] [[INFO]] delta_time 0.000359209
[2026-07-09 00:43:51.449502243] [[INFO]] delta_time 0.000412355
[2026-07-09 00:43:51.455376530] [[INFO]] delta_time 0.000297203
[2026-07-09 00:43:51.461570741] [[INFO]] delta_time 0.000429832
[2026-07-09 00:43:51.467624657] [[INFO]] delta_time 0.000426035
[2026-07-09 00:43:51.473707225] [[INFO]] delta_time 0.000401375
[2026-07-09 00:43:51.479518129] [[INFO]] delta_time 0.000215762
[2026-07-09 00:43:51.485789465] [[INFO]] delta_time 0.00034879
[2026-07-09 00:43:51.491766060] [[INFO]] delta_time 0.000290043
[2026-07-09 00:43:51.497911799] [[INFO]] delta_time 0.000323016
[2026-07-09 00:43:51.503968009] [[INFO]] delta_time 0.000355956
[2026-07-09 00:43:51.509941197] [[INFO]] delta_time 0.000302048
[2026-07-09 00:43:51.516005872] [[INFO]] delta_time 0.000262338
[2026-07-09 00:43:51.522144606] [[INFO]] delta_time 0.000375078
[2026-07-09 00:43:51.528181403] [[INFO]] delta_time 0.000328274
[2026-07-09 00:43:51.534382117] [[INFO]] delta_time 0.000377936
[2026-07-09 00:43:51.540252357] [[INFO]] delta_time 0.000231311
[2026-07-09 00:43:51.546437622] [[INFO]] delta_time 0.000322392
[2026-07-09 00:43:51.552427734] [[INFO]] delta_time 0.000325738
[2026-07-09 00:43:51.558537372] [[INFO]] delta_time 0.000351449
[2026-07-09 00:43:51.564667897] [[INFO]] delta_time 0.000339753
[2026-07-09 00:43:51.570839941] [[INFO]] delta_time 0.000493835
[2026-07-09 00:43:51.576941044] [[INFO]] delta_time 0.00040651
[2026-07-09 00:43:51.582857237] [[INFO]] delta_time 0.0003617
[2026-07-09 00:43:51.589077578] [[INFO]] delta_time 0.000483506
[2026-07-09 00:43:51.594853649] [[INFO]] delta_time 0.000260028
[2026-07-09 00:43:51.601168210] [[INFO]] delta_time 0.000522784
[2026-07-09 00:43:51.607202312] [[INFO]] delta_time 0.000494161
[2026-07-09 00:43:51.613446507] [[INFO]] delta_time 0.000582723
[2026-07-09 00:43:51.619458278] [[INFO]] delta_time 0.000622128
[2026-07-09 00:43:51.625318490] [[INFO]] delta_time 0.00041117
[2026-07-09 00:43:51.631342062] [[INFO]] delta_time 0.000369831
[2026-07-09 00:43:51.637334107] [[INFO]] delta_time 0.000288273
[2026-07-09 00:43:51.643429902] [[INFO]] delta_time 0.000315106
[2026-07-09 00:43:51.649404698] [[INFO]] delta_time 0.000320248
[2026-07-09 00:43:51.655503111] [[INFO]] delta_time 0.000284886
[2026-07-09 00:43:51.661689840] [[INFO]] delta_time 0.000389781
[2026-07-09 00:43:51.667872949] [[INFO]] delta_time 0.000432124
[2026-07-09 00:43:51.673796115] [[INFO]] delta_time 0.000300077
[2026-07-09 00:43:51.680011704] [[INFO]] delta_time 0.000357751
[2026-07-09 00:43:51.685907639] [[INFO]] delta_time 0.000276555
[2026-07-09 00:43:51.692001440] [[INFO]] delta_time 0.000357439
[2026-07-09 00:43:51.698104547] [[INFO]] delta_time 0.000373237
[2026-07-09 00:43:51.704065806] [[INFO]] delta_time 0.000257487
[2026-07-09 00:43:51.710333257] [[INFO]] delta_time 0.000416292
[2026-07-09 00:43:51.716309809] [[INFO]] delta_time 0.000347855
[2026-07-09 00:43:51.722447419] [[INFO]] delta_time 0.000306847
[2026-07-09 00:43:51.728436883] [[INFO]] delta_time 0.000389586
[2026-07-09 00:43:51.734480456] [[INFO]] delta_time 0.000406765
[2026-07-09 00:43:51.740688956] [[INFO]] delta_time 0.000566838
[2026-07-09 00:43:51.746785705] [[INFO]] delta_time 0.000526567
[2026-07-09 00:43:51.752584583] [[INFO]] delta_time 0.000386764
[2026-07-09 00:43:51.758563627] [[INFO]] delta_time 0.000286649
[2026-07-09 00:43:51.764845574] [[INFO]] delta_time 0.00046753
[2026-07-09 00:43:51.770793110] [[INFO]] delta_time 0.000315773
[2026-07-09 00:43:51.776953197] [[INFO]] delta_time 0.000459399
[2026-07-09 00:43:51.782940391] [[INFO]] delta_time 0.000397927
[2026-07-09 00:43:51.788929039] [[INFO]] delta_time 0.000373911
[2026-07-09 00:43:51.794943955] [[INFO]] delta_time 0.000282413
[2026-07-09 00:43:51.800985871] [[INFO]] delta_time 0.000275445
[2026-07-09 00:43:51.807121456] [[INFO]] delta_time 0.000339956
[2026-07-09 00:43:51.813106547] [[INFO]] delta_time 0.000254143
[2026-07-09 00:43:51.819247762] [[INFO]] delta_time 0.00027939
[2026-07-09 00:43:51.825382821] [[INFO]] delta_time 0.000336337
[2026-07-09 00:43:51.831483803] [[INFO]] delta_time 0.000347687
[2026-07-09 00:43:51.837450122] [[INFO]] delta_time 0.000323601
[2026-07-09 00:43:51.843490359] [[INFO]] delta_time 0.000324465
[2026-07-09 00:43:51.849543338] [[INFO]] delta_time 0.000335399
[2026-07-09 00:43:51.855812465] [[INFO]] delta_time 0.000420011
[2026-07-09 00:43:51.861752808] [[INFO]] delta_time 0.000328826
[2026-07-09 00:43:51.867962330] [[INFO]] delta_time 0.000392516
[2026-07-09 00:43:51.873700052] [[INFO]] delta_time 0.000286284
[2026-07-09 00:43:51.879903137] [[INFO]] delta_time 0.000359209
[2026-07-09 00:43:51.885873236] [[INFO]] delta_time 0.000301126
[2026-07-09 00:43:51.891968228] [[INFO]] delta_time 0.000366066
[2026-07-09 00:43:51.898291100] [[INFO]] delta_time 0.000470379
[2026-07-09 00:43:51.904309111] [[INFO]] delta_time 0.000468167
[2026-07-09 00:43:51.910458604] [[INFO]] delta_time 0.000443838
[2026-07-09 00:43:51.916460978] [[INFO]] delta_time 0.00043864
[2026-07-09 00:43:51.922538408] [[INFO]] delta_time 0.000431758
[2026-07-09 00:43:51.928422504] [[INFO]] delta_time 0.00032385
[2026-07-09 00:43:51.934548984] [[INFO]] delta_time 0.000327645
[2026-07-09 00:43:51.940655916] [[INFO]] delta_time 0.000500612
[2026-07-09 00:43:51.946540930] [[INFO]] delta_time 0.000326011
[2026-07-09 00:43:51.952623399] [[INFO]] delta_time 0.000300897
[2026-07-09 00:43:51.958820568] [[INFO]] delta_time 0.000435846
[2026-07-09 00:43:51.964993355] [[INFO]] delta_time 0.000422872
[2026-07-09 00:43:51.970861806] [[INFO]] delta_time 0.000358405
[2026-07-09 00:43:51.976829967] [[INFO]] delta_time 0.000264009
[2026-07-09 00:43:51.982958170] [[INFO]] delta_time 0.000300743
[2026-07-09 00:43:51.989135418] [[INFO]] delta_time 0.000413765
[2026-07-09 00:43:51.995392630] [[INFO]] delta_time 0.000436925
[2026-07-09 00:43:52.001475490] [[INFO]] delta_time 0.000602349
[2026-07-09 00:43:52.007243735] [[INFO]] delta_time 0.000298468
[2026-07-09 00:43:52.013349722] [[INFO]] delta_time 0.000473892
[2026-07-09 00:43:52.013357184] [[DEBUG]] auto_aim fps 164.917
[2026-07-09 00:43:52.019397566] [[INFO]] delta_time 0.000357141
[2026-07-09 00:43:52.025388160] [[INFO]] delta_time 0.000337785
[2026-07-09 00:43:52.031374311] [[INFO]] delta_time 0.000312646
[2026-07-09 00:43:52.037748592] [[INFO]] delta_time 0.000522938
[2026-07-09 00:43:52.043726472] [[INFO]] delta_time 0.000445471
[2026-07-09 00:43:52.049798361] [[INFO]] delta_time 0.000429014
[2026-07-09 00:43:52.055878808] [[INFO]] delta_time 0.000413384
[2026-07-09 00:43:52.062051469] [[INFO]] delta_time 0.000536389
[2026-07-09 00:43:52.067828867] [[INFO]] delta_time 0.000369484
[2026-07-09 00:43:52.074122570] [[INFO]] delta_time 0.000481166
[2026-07-09 00:43:52.080053824] [[INFO]] delta_time 0.000383845
[2026-07-09 00:43:52.086165966] [[INFO]] delta_time 0.000427618
[2026-07-09 00:43:52.092078138] [[INFO]] delta_time 0.000258825
[2026-07-09 00:43:52.098333533] [[INFO]] delta_time 0.0003424
[2026-07-09 00:43:52.104279888] [[INFO]] delta_time 0.000335251
[2026-07-09 00:43:52.110540223] [[INFO]] delta_time 0.000524942
[2026-07-09 00:43:52.116259449] [[INFO]] delta_time 0.000296895
[2026-07-09 00:43:52.122305195] [[INFO]] delta_time 0.000250186
[2026-07-09 00:43:52.128450222] [[INFO]] delta_time 0.000318328
[2026-07-09 00:43:52.134620449] [[INFO]] delta_time 0.000404344
[2026-07-09 00:43:52.140617941] [[INFO]] delta_time 0.000314212
[2026-07-09 00:43:52.146608776] [[INFO]] delta_time 0.000331998
[2026-07-09 00:43:52.152692196] [[INFO]] delta_time 0.000318038
[2026-07-09 00:43:52.158864020] [[INFO]] delta_time 0.000420328
[2026-07-09 00:43:52.164968991] [[INFO]] delta_time 0.000404859
[2026-07-09 00:43:52.171051674] [[INFO]] delta_time 0.000380347
[2026-07-09 00:43:52.177053565] [[INFO]] delta_time 0.000249229
[2026-07-09 00:43:52.182997215] [[INFO]] delta_time 0.000316818
[2026-07-09 00:43:52.189180980] [[INFO]] delta_time 0.000424924
[2026-07-09 00:43:52.195551588] [[INFO]] delta_time 0.000662237
[2026-07-09 00:43:52.201350745] [[INFO]] delta_time 0.000364954
[2026-07-09 00:43:52.207372480] [[INFO]] delta_time 0.000357974
[2026-07-09 00:43:52.213712819] [[INFO]] delta_time 0.000647877
[2026-07-09 00:43:52.219519908] [[INFO]] delta_time 0.000357985
[2026-07-09 00:43:52.225487010] [[INFO]] delta_time 0.000358003
[2026-07-09 00:43:52.231579366] [[INFO]] delta_time 0.000383183
[2026-07-09 00:43:52.237641885] [[INFO]] delta_time 0.000410354
[2026-07-09 00:43:52.243718164] [[INFO]] delta_time 0.000388399
[2026-07-09 00:43:52.249852979] [[INFO]] delta_time 0.00044095
[2026-07-09 00:43:52.255848244] [[INFO]] delta_time 0.000405457
[2026-07-09 00:43:52.261894152] [[INFO]] delta_time 0.000377705
[2026-07-09 00:43:52.267877155] [[INFO]] delta_time 0.000358882
[2026-07-09 00:43:52.273939354] [[INFO]] delta_time 0.00031609
[2026-07-09 00:43:52.280147586] [[INFO]] delta_time 0.000453957
[2026-07-09 00:43:52.286253806] [[INFO]] delta_time 0.000482013
[2026-07-09 00:43:52.292131439] [[INFO]] delta_time 0.000322775
[2026-07-09 00:43:52.298230804] [[INFO]] delta_time 0.000314825
[2026-07-09 00:43:52.304242252] [[INFO]] delta_time 0.000230631
[2026-07-09 00:43:52.310429242] [[INFO]] delta_time 0.000409073
[2026-07-09 00:43:52.316476295] [[INFO]] delta_time 0.000332386
[2026-07-09 00:43:52.322565215] [[INFO]] delta_time 0.00037679
[2026-07-09 00:43:52.328659483] [[INFO]] delta_time 0.000443619
[2026-07-09 00:43:52.334706416] [[INFO]] delta_time 0.000430582
[2026-07-09 00:43:52.340638561] [[INFO]] delta_time 0.000291498
[2026-07-09 00:43:52.346777634] [[INFO]] delta_time 0.00037835
[2026-07-09 00:43:52.352715508] [[INFO]] delta_time 0.000296724
[2026-07-09 00:43:52.358862198] [[INFO]] delta_time 0.000330701
[2026-07-09 00:43:52.364783866] [[INFO]] delta_time 0.000234114
[2026-07-09 00:43:52.371023375] [[INFO]] delta_time 0.000364986
[2026-07-09 00:43:52.377097329] [[INFO]] delta_time 0.000349532
[2026-07-09 00:43:52.383155496] [[INFO]] delta_time 0.000345084
[2026-07-09 00:43:52.389206885] [[INFO]] delta_time 0.000338447
[2026-07-09 00:43:52.395242338] [[INFO]] delta_time 0.000365493
[2026-07-09 00:43:52.401419579] [[INFO]] delta_time 0.000469471
[2026-07-09 00:43:52.407457098] [[INFO]] delta_time 0.000421641
[2026-07-09 00:43:52.413555583] [[INFO]] delta_time 0.000392246
[2026-07-09 00:43:52.419421793] [[INFO]] delta_time 0.000324945
[2026-07-09 00:43:52.425500385] [[INFO]] delta_time 0.000321047
[2026-07-09 00:43:52.431596864] [[INFO]] delta_time 0.00032638
[2026-07-09 00:43:52.437757952] [[INFO]] delta_time 0.000341949
[2026-07-09 00:43:52.443924725] [[INFO]] delta_time 0.000411604
[2026-07-09 00:43:52.449804670] [[INFO]] delta_time 0.000328175
[2026-07-09 00:43:52.455932189] [[INFO]] delta_time 0.000350345
[2026-07-09 00:43:52.461911939] [[INFO]] delta_time 0.000310981
[2026-07-09 00:43:52.468050945] [[INFO]] delta_time 0.000358339
[2026-07-09 00:43:52.474099294] [[INFO]] delta_time 0.0003228
[2026-07-09 00:43:52.480107558] [[INFO]] delta_time 0.000268122
[2026-07-09 00:43:52.486180586] [[INFO]] delta_time 0.000341396
[2026-07-09 00:43:52.492184469] [[INFO]] delta_time 0.000328029
[2026-07-09 00:43:52.498221360] [[INFO]] delta_time 0.000257201
[2026-07-09 00:43:52.504274969] [[INFO]] delta_time 0.000259936
[2026-07-09 00:43:52.510677928] [[INFO]] delta_time 0.000513305
[2026-07-09 00:43:52.516639510] [[INFO]] delta_time 0.000425431
[2026-07-09 00:43:52.522618287] [[INFO]] delta_time 0.00040822
[2026-07-09 00:43:52.528591646] [[INFO]] delta_time 0.00030851
[2026-07-09 00:43:52.534789879] [[INFO]] delta_time 0.000443018
[2026-07-09 00:43:52.540756092] [[INFO]] delta_time 0.00035837
[2026-07-09 00:43:52.546841853] [[INFO]] delta_time 0.000391126
[2026-07-09 00:43:52.552831338] [[INFO]] delta_time 0.000309372
[2026-07-09 00:43:52.558833196] [[INFO]] delta_time 0.000256897
[2026-07-09 00:43:52.565029228] [[INFO]] delta_time 0.000394806
[2026-07-09 00:43:52.571040100] [[INFO]] delta_time 0.000319342
[2026-07-09 00:43:52.577169675] [[INFO]] delta_time 0.000378415
[2026-07-09 00:43:52.583120384] [[INFO]] delta_time 0.000307114
[2026-07-09 00:43:52.589631724] [[INFO]] delta_time 0.000589828
[2026-07-09 00:43:52.595346530] [[INFO]] delta_time 0.000320433
[2026-07-09 00:43:52.601233372] [[INFO]] delta_time 0.000206018
[2026-07-09 00:43:52.607394883] [[INFO]] delta_time 0.000313246
[2026-07-09 00:43:52.613440079] [[INFO]] delta_time 0.000285297
[2026-07-09 00:43:52.619575914] [[INFO]] delta_time 0.000386329
[2026-07-09 00:43:52.625632015] [[INFO]] delta_time 0.000347281
[2026-07-09 00:43:52.631754938] [[INFO]] delta_time 0.000397784
[2026-07-09 00:43:52.637853198] [[INFO]] delta_time 0.000342213
[2026-07-09 00:43:52.643871565] [[INFO]] delta_time 0.000349045
[2026-07-09 00:43:52.649927861] [[INFO]] delta_time 0.000306741
[2026-07-09 00:43:52.656029160] [[INFO]] delta_time 0.000341771
[2026-07-09 00:43:52.661986081] [[INFO]] delta_time 0.000299355
[2026-07-09 00:43:52.668334717] [[INFO]] delta_time 0.000512741
[2026-07-09 00:43:52.674387351] [[INFO]] delta_time 0.000339246
[2026-07-09 00:43:52.680897408] [[INFO]] delta_time 0.000525521
[2026-07-09 00:43:52.686465056] [[INFO]] delta_time 0.000413969
[2026-07-09 00:43:52.692786996] [[INFO]] delta_time 0.000636984
[2026-07-09 00:43:52.698870172] [[INFO]] delta_time 0.000413477
[2026-07-09 00:43:52.704725666] [[INFO]] delta_time 0.000483265
[2026-07-09 00:43:52.710706044] [[INFO]] delta_time 0.000287514
[2026-07-09 00:43:52.716758140] [[INFO]] delta_time 0.000268063
[2026-07-09 00:43:52.723082424] [[INFO]] delta_time 0.000352809
[2026-07-09 00:43:52.728933787] [[INFO]] delta_time 0.000428269
[2026-07-09 00:43:52.735174316] [[INFO]] delta_time 0.0004683
[2026-07-09 00:43:52.741029418] [[INFO]] delta_time 0.000275237
[2026-07-09 00:43:52.747022140] [[INFO]] delta_time 0.000254493
[2026-07-09 00:43:52.753447100] [[INFO]] delta_time 0.000540323
[2026-07-09 00:43:52.759361457] [[INFO]] delta_time 0.000333797
[2026-07-09 00:43:52.765397993] [[INFO]] delta_time 0.000279975
[2026-07-09 00:43:52.771494078] [[INFO]] delta_time 0.000382489
[2026-07-09 00:43:52.777274377] [[INFO]] delta_time 0.000238597
[2026-07-09 00:43:52.783367652] [[INFO]] delta_time 0.000304886
[2026-07-09 00:43:52.789744927] [[INFO]] delta_time 0.000566241
[2026-07-09 00:43:52.795573592] [[INFO]] delta_time 0.000356007
[2026-07-09 00:43:52.801508153] [[INFO]] delta_time 0.00042641
[2026-07-09 00:43:52.807660188] [[INFO]] delta_time 0.000445117
[2026-07-09 00:43:52.813544482] [[INFO]] delta_time 0.000312784
[2026-07-09 00:43:52.819607416] [[INFO]] delta_time 0.000274307
[2026-07-09 00:43:52.825721703] [[INFO]] delta_time 0.000318961
[2026-07-09 00:43:52.831810018] [[INFO]] delta_time 0.000371662
[2026-07-09 00:43:52.837837869] [[INFO]] delta_time 0.000327745
[2026-07-09 00:43:52.843894064] [[INFO]] delta_time 0.000345802
[2026-07-09 00:43:52.849922996] [[INFO]] delta_time 0.000289574
[2026-07-09 00:43:52.856058759] [[INFO]] delta_time 0.000343347
[2026-07-09 00:43:52.862084384] [[INFO]] delta_time 0.000333953
[2026-07-09 00:43:52.868155553] [[INFO]] delta_time 0.00035799
[2026-07-09 00:43:52.874230230] [[INFO]] delta_time 0.000336006
[2026-07-09 00:43:52.880406242] [[INFO]] delta_time 0.000499409
[2026-07-09 00:43:52.886327921] [[INFO]] delta_time 0.00035274
[2026-07-09 00:43:52.892577095] [[INFO]] delta_time 0.000535201
[2026-07-09 00:43:52.898446071] [[INFO]] delta_time 0.000315936
[2026-07-09 00:43:52.904601151] [[INFO]] delta_time 0.000433923
[2026-07-09 00:43:52.910595164] [[INFO]] delta_time 0.000370917
[2026-07-09 00:43:52.916635775] [[INFO]] delta_time 0.000356436
[2026-07-09 00:43:52.922731329] [[INFO]] delta_time 0.000322486
[2026-07-09 00:43:52.928748568] [[INFO]] delta_time 0.000306099
[2026-07-09 00:43:52.934822153] [[INFO]] delta_time 0.000329205
[2026-07-09 00:43:52.940860148] [[INFO]] delta_time 0.000281051
[2026-07-09 00:43:52.947059084] [[INFO]] delta_time 0.000409043
[2026-07-09 00:43:52.953224934] [[INFO]] delta_time 0.000455646
[2026-07-09 00:43:52.959253091] [[INFO]] delta_time 0.00044511
[2026-07-09 00:43:52.965199562] [[INFO]] delta_time 0.000328016
[2026-07-09 00:43:52.971508846] [[INFO]] delta_time 0.000540233
[2026-07-09 00:43:52.977340900] [[INFO]] delta_time 0.000258308
[2026-07-09 00:43:52.983612298] [[INFO]] delta_time 0.000578759
[2026-07-09 00:43:52.989452196] [[INFO]] delta_time 0.000383709
[2026-07-09 00:43:52.995427628] [[INFO]] delta_time 0.000294576
[2026-07-09 00:43:53.001544542] [[INFO]] delta_time 0.000322802
[2026-07-09 00:43:53.007631319] [[INFO]] delta_time 0.000354622
[2026-07-09 00:43:53.013511612] [[INFO]] delta_time 0.000235612
[2026-07-09 00:43:53.013518710] [[DEBUG]] auto_aim fps 164.971
[2026-07-09 00:43:53.019695173] [[INFO]] delta_time 0.000316284
[2026-07-09 00:43:53.025785873] [[INFO]] delta_time 0.00036012
[2026-07-09 00:43:53.031948418] [[INFO]] delta_time 0.000441105
[2026-07-09 00:43:53.037996241] [[INFO]] delta_time 0.000398716
[2026-07-09 00:43:53.044057902] [[INFO]] delta_time 0.000376887
[2026-07-09 00:43:53.050027792] [[INFO]] delta_time 0.000320404
[2026-07-09 00:43:53.056175407] [[INFO]] delta_time 0.000383393
[2026-07-09 00:43:53.062148521] [[INFO]] delta_time 0.00028556
[2026-07-09 00:43:53.068237706] [[INFO]] delta_time 0.000315778
[2026-07-09 00:43:53.074362173] [[INFO]] delta_time 0.000302161
[2026-07-09 00:43:53.080405071] [[INFO]] delta_time 0.000418004
[2026-07-09 00:43:53.086384455] [[INFO]] delta_time 0.000243059
[2026-07-09 00:43:53.092350482] [[INFO]] delta_time 0.00024622
[2026-07-09 00:43:53.098547834] [[INFO]] delta_time 0.000322834
[2026-07-09 00:43:53.104557695] [[INFO]] delta_time 0.000274145
[2026-07-09 00:43:53.110931329] [[INFO]] delta_time 0.000557659
[2026-07-09 00:43:53.116755680] [[INFO]] delta_time 0.000367904
[2026-07-09 00:43:53.122762711] [[INFO]] delta_time 0.000320568
[2026-07-09 00:43:53.129005883] [[INFO]] delta_time 0.000437914
[2026-07-09 00:43:53.134869594] [[INFO]] delta_time 0.000267825
[2026-07-09 00:43:53.140891172] [[INFO]] delta_time 0.000231129
[2026-07-09 00:43:53.147316802] [[INFO]] delta_time 0.000594936
[2026-07-09 00:43:53.153253509] [[INFO]] delta_time 0.000449513
[2026-07-09 00:43:53.159370811] [[INFO]] delta_time 0.000445634
[2026-07-09 00:43:53.165360890] [[INFO]] delta_time 0.000364528
[2026-07-09 00:43:53.171218062] [[INFO]] delta_time 0.000246574
[2026-07-09 00:43:53.177439853] [[INFO]] delta_time 0.000400324
[2026-07-09 00:43:53.183431510] [[INFO]] delta_time 0.0003449
[2026-07-09 00:43:53.189507168] [[INFO]] delta_time 0.000357657
[2026-07-09 00:43:53.195496602] [[INFO]] delta_time 0.000303189
[2026-07-09 00:43:53.201695572] [[INFO]] delta_time 0.000387079
[2026-07-09 00:43:53.207671270] [[INFO]] delta_time 0.000319025
[2026-07-09 00:43:53.213823986] [[INFO]] delta_time 0.000384517
[2026-07-09 00:43:53.219710379] [[INFO]] delta_time 0.000263218
[2026-07-09 00:43:53.225934322] [[INFO]] delta_time 0.000394268
[2026-07-09 00:43:53.231893462] [[INFO]] delta_time 0.000298513
[2026-07-09 00:43:53.237873062] [[INFO]] delta_time 0.000231061
[2026-07-09 00:43:53.244054839] [[INFO]] delta_time 0.00032862
[2026-07-09 00:43:53.250099911] [[INFO]] delta_time 0.000308682
[2026-07-09 00:43:53.256216051] [[INFO]] delta_time 0.00032512
[2026-07-09 00:43:53.262234852] [[INFO]] delta_time 0.000313597
[2026-07-09 00:43:53.268339000] [[INFO]] delta_time 0.000377392
[2026-07-09 00:43:53.274350720] [[INFO]] delta_time 0.00030899
[2026-07-09 00:43:53.280564664] [[INFO]] delta_time 0.000342451
[2026-07-09 00:43:53.286535761] [[INFO]] delta_time 0.0003567
[2026-07-09 00:43:53.292520921] [[INFO]] delta_time 0.000331692
[2026-07-09 00:43:53.298708221] [[INFO]] delta_time 0.000344794
[2026-07-09 00:43:53.305074409] [[INFO]] delta_time 0.000542556
[2026-07-09 00:43:53.310906074] [[INFO]] delta_time 0.000445761
[2026-07-09 00:43:53.316991561] [[INFO]] delta_time 0.000437981
[2026-07-09 00:43:53.323005592] [[INFO]] delta_time 0.000344132
[2026-07-09 00:43:53.329028688] [[INFO]] delta_time 0.000324907
[2026-07-09 00:43:53.335280577] [[INFO]] delta_time 0.000488358
[2026-07-09 00:43:53.340959814] [[INFO]] delta_time 0.000271047
[2026-07-09 00:43:53.347127570] [[INFO]] delta_time 0.000336785
[2026-07-09 00:43:53.353249281] [[INFO]] delta_time 0.000400039
[2026-07-09 00:43:53.359214909] [[INFO]] delta_time 0.000291229
[2026-07-09 00:43:53.365321088] [[INFO]] delta_time 0.000342987
[2026-07-09 00:43:53.371403854] [[INFO]] delta_time 0.000377432
[2026-07-09 00:43:53.377518267] [[INFO]] delta_time 0.000338245
[2026-07-09 00:43:53.383589424] [[INFO]] delta_time 0.000349998
[2026-07-09 00:43:53.389651741] [[INFO]] delta_time 0.000352038
[2026-07-09 00:43:53.395502220] [[INFO]] delta_time 0.000240796
[2026-07-09 00:43:53.401724665] [[INFO]] delta_time 0.000338266
[2026-07-09 00:43:53.407728909] [[INFO]] delta_time 0.000326368
[2026-07-09 00:43:53.413866867] [[INFO]] delta_time 0.000373874
[2026-07-09 00:43:53.419950296] [[INFO]] delta_time 0.000331883
[2026-07-09 00:43:53.426135593] [[INFO]] delta_time 0.000370875
[2026-07-09 00:43:53.432010899] [[INFO]] delta_time 0.000288185
[2026-07-09 00:43:53.438093907] [[INFO]] delta_time 0.000331269
[2026-07-09 00:43:53.444164110] [[INFO]] delta_time 0.000355122
[2026-07-09 00:43:53.450234907] [[INFO]] delta_time 0.000349511
[2026-07-09 00:43:53.456437191] [[INFO]] delta_time 0.000528954
[2026-07-09 00:43:53.462484164] [[INFO]] delta_time 0.000351264
[2026-07-09 00:43:53.468548514] [[INFO]] delta_time 0.000363947
[2026-07-09 00:43:53.474583048] [[INFO]] delta_time 0.00027494
[2026-07-09 00:43:53.480822399] [[INFO]] delta_time 0.000403942
[2026-07-09 00:43:53.486701177] [[INFO]] delta_time 0.000337559
[2026-07-09 00:43:53.492636782] [[INFO]] delta_time 0.000225984
[2026-07-09 00:43:53.498955099] [[INFO]] delta_time 0.000410663
[2026-07-09 00:43:53.504890186] [[INFO]] delta_time 0.000361751
[2026-07-09 00:43:53.511168598] [[INFO]] delta_time 0.000623301
[2026-07-09 00:43:53.517021969] [[INFO]] delta_time 0.000432455
[2026-07-09 00:43:53.523170400] [[INFO]] delta_time 0.000380279
[2026-07-09 00:43:53.529242315] [[INFO]] delta_time 0.000496182
[2026-07-09 00:43:53.535084186] [[INFO]] delta_time 0.000309956
[2026-07-09 00:43:53.541229020] [[INFO]] delta_time 0.000308231
[2026-07-09 00:43:53.547219143] [[INFO]] delta_time 0.000302728
[2026-07-09 00:43:53.553281775] [[INFO]] delta_time 0.000320961
[2026-07-09 00:43:53.559660345] [[INFO]] delta_time 0.000462761
[2026-07-09 00:43:53.565346929] [[INFO]] delta_time 0.000273085
[2026-07-09 00:43:53.571588945] [[INFO]] delta_time 0.000378758
[2026-07-09 00:43:53.577593204] [[INFO]] delta_time 0.000337941
[2026-07-09 00:43:53.583477457] [[INFO]] delta_time 0.000242542
[2026-07-09 00:43:53.589694581] [[INFO]] delta_time 0.000336073
[2026-07-09 00:43:53.595672315] [[INFO]] delta_time 0.000324705
[2026-07-09 00:43:53.601780574] [[INFO]] delta_time 0.000331875
[2026-07-09 00:43:53.607850275] [[INFO]] delta_time 0.000343389
[2026-07-09 00:43:53.613905649] [[INFO]] delta_time 0.00036335
[2026-07-09 00:43:53.620073836] [[INFO]] delta_time 0.000423655
[2026-07-09 00:43:53.626065278] [[INFO]] delta_time 0.000314283
[2026-07-09 00:43:53.632082049] [[INFO]] delta_time 0.000273643
[2026-07-09 00:43:53.638334296] [[INFO]] delta_time 0.000406059
[2026-07-09 00:43:53.644312782] [[INFO]] delta_time 0.000394793
[2026-07-09 00:43:53.650264105] [[INFO]] delta_time 0.00030202
[2026-07-09 00:43:53.656422398] [[INFO]] delta_time 0.000352669
[2026-07-09 00:43:53.662351296] [[INFO]] delta_time 0.000296261
[2026-07-09 00:43:53.668554525] [[INFO]] delta_time 0.000379276
[2026-07-09 00:43:53.674470147] [[INFO]] delta_time 0.000293204
[2026-07-09 00:43:53.680620592] [[INFO]] delta_time 0.000312762
[2026-07-09 00:43:53.686750653] [[INFO]] delta_time 0.000409347
[2026-07-09 00:43:53.692867613] [[INFO]] delta_time 0.000416797
[2026-07-09 00:43:53.698845342] [[INFO]] delta_time 0.000336854
[2026-07-09 00:43:53.704854560] [[INFO]] delta_time 0.000342254
[2026-07-09 00:43:53.711109946] [[INFO]] delta_time 0.000428991
[2026-07-09 00:43:53.717040404] [[INFO]] delta_time 0.000386249
[2026-07-09 00:43:53.723112789] [[INFO]] delta_time 0.000357776
[2026-07-09 00:43:53.729260324] [[INFO]] delta_time 0.000424522
[2026-07-09 00:43:53.735502095] [[INFO]] delta_time 0.000594918
[2026-07-09 00:43:53.741252586] [[INFO]] delta_time 0.000315531
[2026-07-09 00:43:53.747252643] [[INFO]] delta_time 0.000255778
[2026-07-09 00:43:53.753848895] [[INFO]] delta_time 0.000575024
[2026-07-09 00:43:53.759501297] [[INFO]] delta_time 0.000327908
[2026-07-09 00:43:53.765505541] [[INFO]] delta_time 0.000306533
[2026-07-09 00:43:53.771681886] [[INFO]] delta_time 0.000395868
[2026-07-09 00:43:53.777575822] [[INFO]] delta_time 0.000300338
[2026-07-09 00:43:53.783698527] [[INFO]] delta_time 0.000266542
[2026-07-09 00:43:53.789823422] [[INFO]] delta_time 0.000282223
[2026-07-09 00:43:53.795916934] [[INFO]] delta_time 0.000429282
[2026-07-09 00:43:53.801948302] [[INFO]] delta_time 0.000341428
[2026-07-09 00:43:53.807930768] [[INFO]] delta_time 0.000343996
[2026-07-09 00:43:53.814236506] [[INFO]] delta_time 0.0005532
[2026-07-09 00:43:53.820404495] [[INFO]] delta_time 0.000655689
[2026-07-09 00:43:53.826189535] [[INFO]] delta_time 0.000408913
[2026-07-09 00:43:53.832180524] [[INFO]] delta_time 0.000313893
[2026-07-09 00:43:53.838292391] [[INFO]] delta_time 0.000361775
[2026-07-09 00:43:53.844292513] [[INFO]] delta_time 0.000317668
[2026-07-09 00:43:53.850617495] [[INFO]] delta_time 0.000510879
[2026-07-09 00:43:53.856751923] [[INFO]] delta_time 0.000489473
[2026-07-09 00:43:53.862524040] [[INFO]] delta_time 0.000261405
[2026-07-09 00:43:53.868845883] [[INFO]] delta_time 0.00044852
[2026-07-09 00:43:53.875025602] [[INFO]] delta_time 0.000598234
[2026-07-09 00:43:53.880844791] [[INFO]] delta_time 0.000366547
[2026-07-09 00:43:53.886874772] [[INFO]] delta_time 0.000312418
[2026-07-09 00:43:53.892953251] [[INFO]] delta_time 0.000366219
[2026-07-09 00:43:53.898954823] [[INFO]] delta_time 0.000264349
[2026-07-09 00:43:53.905328472] [[INFO]] delta_time 0.000490587
[2026-07-09 00:43:53.911111131] [[INFO]] delta_time 0.0002226
[2026-07-09 00:43:53.917142562] [[INFO]] delta_time 0.000239073
[2026-07-09 00:43:53.923629705] [[INFO]] delta_time 0.000475576
[2026-07-09 00:43:53.929232690] [[INFO]] delta_time 0.000235235
[2026-07-09 00:43:53.935356694] [[INFO]] delta_time 0.000366797
[2026-07-09 00:43:53.941345300] [[INFO]] delta_time 0.00026005
[2026-07-09 00:43:53.947512505] [[INFO]] delta_time 0.000376521
[2026-07-09 00:43:53.953450544] [[INFO]] delta_time 0.000348122
[2026-07-09 00:43:53.959563704] [[INFO]] delta_time 0.000378851
[2026-07-09 00:43:53.965534209] [[INFO]] delta_time 0.000280919
[2026-07-09 00:43:53.971733680] [[INFO]] delta_time 0.000300242
[2026-07-09 00:43:53.977902725] [[INFO]] delta_time 0.000360573
[2026-07-09 00:43:53.983870966] [[INFO]] delta_time 0.000402384
[2026-07-09 00:43:53.989870003] [[INFO]] delta_time 0.000297414
[2026-07-09 00:43:53.996053765] [[INFO]] delta_time 0.000392965
[2026-07-09 00:43:54.002197264] [[INFO]] delta_time 0.000418216
[2026-07-09 00:43:54.008127756] [[INFO]] delta_time 0.000320373
[2026-07-09 00:43:54.014396020] [[INFO]] delta_time 0.000527836
[2026-07-09 00:43:54.014401888] [[DEBUG]] auto_aim fps 164.857
[2026-07-09 00:43:54.020259211] [[INFO]] delta_time 0.000383783
[2026-07-09 00:43:54.026320869] [[INFO]] delta_time 0.000356106
[2026-07-09 00:43:54.032242020] [[INFO]] delta_time 0.000311598
[2026-07-09 00:43:54.038250088] [[INFO]] delta_time 0.00022837
[2026-07-09 00:43:54.044249285] [[INFO]] delta_time 0.000205501
[2026-07-09 00:43:54.050336981] [[INFO]] delta_time 0.000233604
[2026-07-09 00:43:54.056534434] [[INFO]] delta_time 0.000272066
[2026-07-09 00:43:54.062585300] [[INFO]] delta_time 0.000354627
[2026-07-09 00:43:54.068818521] [[INFO]] delta_time 0.000328676
[2026-07-09 00:43:54.074869641] [[INFO]] delta_time 0.000400789
[2026-07-09 00:43:54.080824811] [[INFO]] delta_time 0.000300431
[2026-07-09 00:43:54.087108489] [[INFO]] delta_time 0.000521815
[2026-07-09 00:43:54.092995139] [[INFO]] delta_time 0.000422581
[2026-07-09 00:43:54.099254169] [[INFO]] delta_time 0.000419476
[2026-07-09 00:43:54.105240313] [[INFO]] delta_time 0.000281265
[2026-07-09 00:43:54.111131457] [[INFO]] delta_time 0.000220266
[2026-07-09 00:43:54.117350084] [[INFO]] delta_time 0.000404673
[2026-07-09 00:43:54.123606907] [[INFO]] delta_time 0.00056779
[2026-07-09 00:43:54.129507884] [[INFO]] delta_time 0.0003992
[2026-07-09 00:43:54.135378770] [[INFO]] delta_time 0.000298993
[2026-07-09 00:43:54.141504915] [[INFO]] delta_time 0.000359325
[2026-07-09 00:43:54.147678759] [[INFO]] delta_time 0.000409658
[2026-07-09 00:43:54.153603186] [[INFO]] delta_time 0.000357302
[2026-07-09 00:43:54.159749358] [[INFO]] delta_time 0.000451628
[2026-07-09 00:43:54.165934532] [[INFO]] delta_time 0.000571697
[2026-07-09 00:43:54.171839372] [[INFO]] delta_time 0.000403443
[2026-07-09 00:43:54.178116442] [[INFO]] delta_time 0.00034146
[2026-07-09 00:43:54.184194921] [[INFO]] delta_time 0.000411784
[2026-07-09 00:43:54.190111763] [[INFO]] delta_time 0.000282022
[2026-07-09 00:43:54.196143976] [[INFO]] delta_time 0.000307344
[2026-07-09 00:43:54.202228237] [[INFO]] delta_time 0.000340583
[2026-07-09 00:43:54.208198646] [[INFO]] delta_time 0.000382361
[2026-07-09 00:43:54.214276674] [[INFO]] delta_time 0.000314428
[2026-07-09 00:43:54.220278232] [[INFO]] delta_time 0.000311837
[2026-07-09 00:43:54.226525145] [[INFO]] delta_time 0.000527544
[2026-07-09 00:43:54.232464862] [[INFO]] delta_time 0.000363708
[2026-07-09 00:43:54.238326131] [[INFO]] delta_time 0.000231867
[2026-07-09 00:43:54.244631050] [[INFO]] delta_time 0.000358651
[2026-07-09 00:43:54.250603000] [[INFO]] delta_time 0.000360959
[2026-07-09 00:43:54.256517632] [[INFO]] delta_time 0.00021613
[2026-07-09 00:43:54.262699972] [[INFO]] delta_time 0.000354902
[2026-07-09 00:43:54.268675177] [[INFO]] delta_time 0.000283124
[2026-07-09 00:43:54.274687172] [[INFO]] delta_time 0.000250295
[2026-07-09 00:43:54.281037488] [[INFO]] delta_time 0.00045973
[2026-07-09 00:43:54.286974503] [[INFO]] delta_time 0.000318582
[2026-07-09 00:43:54.293027122] [[INFO]] delta_time 0.000351412
[2026-07-09 00:43:54.299095235] [[INFO]] delta_time 0.000399997
[2026-07-09 00:43:54.305220536] [[INFO]] delta_time 0.000409522
[2026-07-09 00:43:54.311141320] [[INFO]] delta_time 0.000341524
[2026-07-09 00:43:54.317232684] [[INFO]] delta_time 0.000345709
[2026-07-09 00:43:54.323366442] [[INFO]] delta_time 0.000371208
[2026-07-09 00:43:54.329308675] [[INFO]] delta_time 0.000310412
[2026-07-09 00:43:54.335624256] [[INFO]] delta_time 0.000497355
[2026-07-09 00:43:54.341547560] [[INFO]] delta_time 0.000392399
[2026-07-09 00:43:54.347722055] [[INFO]] delta_time 0.000347043
[2026-07-09 00:43:54.353736798] [[INFO]] delta_time 0.000361646
[2026-07-09 00:43:54.359815889] [[INFO]] delta_time 0.000320241
[2026-07-09 00:43:54.365847102] [[INFO]] delta_time 0.000347488
[2026-07-09 00:43:54.372001513] [[INFO]] delta_time 0.000405162
[2026-07-09 00:43:54.378079998] [[INFO]] delta_time 0.000417798
[2026-07-09 00:43:54.383942167] [[INFO]] delta_time 0.000258476
[2026-07-09 00:43:54.390063334] [[INFO]] delta_time 0.000377445
[2026-07-09 00:43:54.396074849] [[INFO]] delta_time 0.000373065
[2026-07-09 00:43:54.402197599] [[INFO]] delta_time 0.000398105
[2026-07-09 00:43:54.408245360] [[INFO]] delta_time 0.000354308
[2026-07-09 00:43:54.414261029] [[INFO]] delta_time 0.000349204
[2026-07-09 00:43:54.420513507] [[INFO]] delta_time 0.000545517
[2026-07-09 00:43:54.426351117] [[INFO]] delta_time 0.000286574
[2026-07-09 00:43:54.432455153] [[INFO]] delta_time 0.000384108
[2026-07-09 00:43:54.438511681] [[INFO]] delta_time 0.000364885
[2026-07-09 00:43:54.444589182] [[INFO]] delta_time 0.000356953
[2026-07-09 00:43:54.450672773] [[INFO]] delta_time 0.000382188
[2026-07-09 00:43:54.456719011] [[INFO]] delta_time 0.000314467
[2026-07-09 00:43:54.462874242] [[INFO]] delta_time 0.000459542
[2026-07-09 00:43:54.468754463] [[INFO]] delta_time 0.000258195
[2026-07-09 00:43:54.474885308] [[INFO]] delta_time 0.000328341
[2026-07-09 00:43:54.481093441] [[INFO]] delta_time 0.00041451
[2026-07-09 00:43:54.487249186] [[INFO]] delta_time 0.000370509
[2026-07-09 00:43:54.493238165] [[INFO]] delta_time 0.000327226
[2026-07-09 00:43:54.499219072] [[INFO]] delta_time 0.00023463
[2026-07-09 00:43:54.505198703] [[INFO]] delta_time 0.000188859
[2026-07-09 00:43:54.511528650] [[INFO]] delta_time 0.000334236
[2026-07-09 00:43:54.517633504] [[INFO]] delta_time 0.00038922
[2026-07-09 00:43:54.523534056] [[INFO]] delta_time 0.000387094
[2026-07-09 00:43:54.529477948] [[INFO]] delta_time 0.000264047
[2026-07-09 00:43:54.535614484] [[INFO]] delta_time 0.000419511
[2026-07-09 00:43:54.541743629] [[INFO]] delta_time 0.000315707
[2026-07-09 00:43:54.547771002] [[INFO]] delta_time 0.000297273
[2026-07-09 00:43:54.553892698] [[INFO]] delta_time 0.000347296
[2026-07-09 00:43:54.560104479] [[INFO]] delta_time 0.000406024
[2026-07-09 00:43:54.566064728] [[INFO]] delta_time 0.000374089
[2026-07-09 00:43:54.572093746] [[INFO]] delta_time 0.000435882
[2026-07-09 00:43:54.578153129] [[INFO]] delta_time 0.000375762
[2026-07-09 00:43:54.584161260] [[INFO]] delta_time 0.000362171
[2026-07-09 00:43:54.590135606] [[INFO]] delta_time 0.000311961
[2026-07-09 00:43:54.596358863] [[INFO]] delta_time 0.000362029
[2026-07-09 00:43:54.602318809] [[INFO]] delta_time 0.000331144
[2026-07-09 00:43:54.608500954] [[INFO]] delta_time 0.000361855
[2026-07-09 00:43:54.614397388] [[INFO]] delta_time 0.000251199
[2026-07-09 00:43:54.620567544] [[INFO]] delta_time 0.000330743
[2026-07-09 00:43:54.626572566] [[INFO]] delta_time 0.000341182
[2026-07-09 00:43:54.632652149] [[INFO]] delta_time 0.000342704
[2026-07-09 00:43:54.638924886] [[INFO]] delta_time 0.00050404
[2026-07-09 00:43:54.645053457] [[INFO]] delta_time 0.000531123
[2026-07-09 00:43:54.650871454] [[INFO]] delta_time 0.00036723
[2026-07-09 00:43:54.657022874] [[INFO]] delta_time 0.000420424
[2026-07-09 00:43:54.663185042] [[INFO]] delta_time 0.000552649
[2026-07-09 00:43:54.669158032] [[INFO]] delta_time 0.000436795
[2026-07-09 00:43:54.675262792] [[INFO]] delta_time 0.000477999
[2026-07-09 00:43:54.681282208] [[INFO]] delta_time 0.000458377
[2026-07-09 00:43:54.687252808] [[INFO]] delta_time 0.000416787
[2026-07-09 00:43:54.693411624] [[INFO]] delta_time 0.000490442
[2026-07-09 00:43:54.699308756] [[INFO]] delta_time 0.00032703
[2026-07-09 00:43:54.705371939] [[INFO]] delta_time 0.000390762
[2026-07-09 00:43:54.711534733] [[INFO]] delta_time 0.000413691
[2026-07-09 00:43:54.717494513] [[INFO]] delta_time 0.00035
[2026-07-09 00:43:54.723551993] [[INFO]] delta_time 0.000247192
[2026-07-09 00:43:54.729822267] [[INFO]] delta_time 0.000317962
[2026-07-09 00:43:54.736106236] [[INFO]] delta_time 0.000516715
[2026-07-09 00:43:54.741947634] [[INFO]] delta_time 0.000363929
[2026-07-09 00:43:54.747897012] [[INFO]] delta_time 0.000348959
[2026-07-09 00:43:54.753989429] [[INFO]] delta_time 0.000360011
[2026-07-09 00:43:54.760004143] [[INFO]] delta_time 0.000303579
[2026-07-09 00:43:54.766245238] [[INFO]] delta_time 0.000485561
[2026-07-09 00:43:54.772292458] [[INFO]] delta_time 0.000373522
[2026-07-09 00:43:54.778197892] [[INFO]] delta_time 0.000318443
[2026-07-09 00:43:54.784158298] [[INFO]] delta_time 0.000314791
[2026-07-09 00:43:54.790507450] [[INFO]] delta_time 0.000500338
[2026-07-09 00:43:54.796427288] [[INFO]] delta_time 0.000412367
[2026-07-09 00:43:54.802457267] [[INFO]] delta_time 0.000326462
[2026-07-09 00:43:54.808374904] [[INFO]] delta_time 0.000332237
[2026-07-09 00:43:54.814551131] [[INFO]] delta_time 0.000452233
[2026-07-09 00:43:54.820724358] [[INFO]] delta_time 0.000330506
[2026-07-09 00:43:54.826684474] [[INFO]] delta_time 0.000383905
[2026-07-09 00:43:54.832654853] [[INFO]] delta_time 0.000296251
[2026-07-09 00:43:54.838730120] [[INFO]] delta_time 0.000311938
[2026-07-09 00:43:54.844781418] [[INFO]] delta_time 0.000313103
[2026-07-09 00:43:54.850806084] [[INFO]] delta_time 0.000296431
[2026-07-09 00:43:54.856857654] [[INFO]] delta_time 0.000304321
[2026-07-09 00:43:54.862899162] [[INFO]] delta_time 0.000256018
[2026-07-09 00:43:54.869246598] [[INFO]] delta_time 0.000350833
[2026-07-09 00:43:54.875274160] [[INFO]] delta_time 0.000396869
[2026-07-09 00:43:54.881343918] [[INFO]] delta_time 0.000414125
[2026-07-09 00:43:54.887315767] [[INFO]] delta_time 0.000422677
[2026-07-09 00:43:54.893382875] [[INFO]] delta_time 0.000334181
[2026-07-09 00:43:54.899340268] [[INFO]] delta_time 0.000357233
[2026-07-09 00:43:54.905397595] [[INFO]] delta_time 0.000339048
[2026-07-09 00:43:54.911424342] [[INFO]] delta_time 0.000331121
[2026-07-09 00:43:54.917427826] [[INFO]] delta_time 0.000268194
[2026-07-09 00:43:54.923921829] [[INFO]] delta_time 0.000548872
[2026-07-09 00:43:54.929764171] [[INFO]] delta_time 0.000405782
[2026-07-09 00:43:54.935821407] [[INFO]] delta_time 0.000410077
[2026-07-09 00:43:54.941873191] [[INFO]] delta_time 0.000428933
[2026-07-09 00:43:54.947834170] [[INFO]] delta_time 0.000325676
[2026-07-09 00:43:54.953922761] [[INFO]] delta_time 0.000378769
[2026-07-09 00:43:54.960065530] [[INFO]] delta_time 0.000393593
[2026-07-09 00:43:54.966041746] [[INFO]] delta_time 0.000273905
[2026-07-09 00:43:54.972266571] [[INFO]] delta_time 0.000558426
[2026-07-09 00:43:54.978395015] [[INFO]] delta_time 0.000576043
[2026-07-09 00:43:54.984480728] [[INFO]] delta_time 0.000593808
[2026-07-09 00:43:54.990489857] [[INFO]] delta_time 0.000546634
[2026-07-09 00:43:54.996285779] [[INFO]] delta_time 0.000284001
[2026-07-09 00:43:55.002433011] [[INFO]] delta_time 0.000301643
[2026-07-09 00:43:55.008362439] [[INFO]] delta_time 0.000288309
[2026-07-09 00:43:55.014571393] [[INFO]] delta_time 0.000374593
[2026-07-09 00:43:55.014579426] [[DEBUG]] auto_aim fps 164.973
[2026-07-09 00:43:55.020615931] [[INFO]] delta_time 0.00041173
[2026-07-09 00:43:55.026734542] [[INFO]] delta_time 0.000414774
[2026-07-09 00:43:55.032712329] [[INFO]] delta_time 0.000347087
[2026-07-09 00:43:55.038735404] [[INFO]] delta_time 0.000320724
[2026-07-09 00:43:55.044838407] [[INFO]] delta_time 0.000327064
[2026-07-09 00:43:55.050798089] [[INFO]] delta_time 0.000286116
[2026-07-09 00:43:55.056908993] [[INFO]] delta_time 0.000316353
[2026-07-09 00:43:55.062967145] [[INFO]] delta_time 0.000293751
[2026-07-09 00:43:55.069264011] [[INFO]] delta_time 0.000371806
[2026-07-09 00:43:55.075198710] [[INFO]] delta_time 0.000410355
[2026-07-09 00:43:55.081155438] [[INFO]] delta_time 0.000298761
[2026-07-09 00:43:55.087311907] [[INFO]] delta_time 0.000273331
[2026-07-09 00:43:55.093357369] [[INFO]] delta_time 0.00035893
[2026-07-09 00:43:55.099405295] [[INFO]] delta_time 0.000368403
[2026-07-09 00:43:55.105487508] [[INFO]] delta_time 0.000377137
[2026-07-09 00:43:55.111421318] [[INFO]] delta_time 0.000270653
[2026-07-09 00:43:55.117551997] [[INFO]] delta_time 0.000343032
[2026-07-09 00:43:55.123851250] [[INFO]] delta_time 0.000346641
[2026-07-09 00:43:55.129818288] [[INFO]] delta_time 0.000394652
[2026-07-09 00:43:55.135695368] [[INFO]] delta_time 0.000291933
[2026-07-09 00:43:55.141730864] [[INFO]] delta_time 0.000273642
[2026-07-09 00:43:55.148002259] [[INFO]] delta_time 0.000393825
[2026-07-09 00:43:55.154184078] [[INFO]] delta_time 0.000548653
[2026-07-09 00:43:55.160183765] [[INFO]] delta_time 0.000438653
[2026-07-09 00:43:55.166055429] [[INFO]] delta_time 0.000338824
[2026-07-09 00:43:55.172102872] [[INFO]] delta_time 0.000281432
[2026-07-09 00:43:55.178167903] [[INFO]] delta_time 0.000293385
[2026-07-09 00:43:55.184201554] [[INFO]] delta_time 0.000267632
[2026-07-09 00:43:55.190477559] [[INFO]] delta_time 0.000359512
[2026-07-09 00:43:55.196388641] [[INFO]] delta_time 0.000248545
[2026-07-09 00:43:55.202785510] [[INFO]] delta_time 0.000616096
[2026-07-09 00:43:55.208726216] [[INFO]] delta_time 0.000423816
[2026-07-09 00:43:55.214725480] [[INFO]] delta_time 0.000378391
[2026-07-09 00:43:55.220824047] [[INFO]] delta_time 0.000412805
[2026-07-09 00:43:55.226830910] [[INFO]] delta_time 0.000359222
[2026-07-09 00:43:55.232794208] [[INFO]] delta_time 0.000303049
[2026-07-09 00:43:55.238986681] [[INFO]] delta_time 0.000350844
[2026-07-09 00:43:55.245024239] [[INFO]] delta_time 0.00037795
[2026-07-09 00:43:55.251215042] [[INFO]] delta_time 0.000432176
[2026-07-09 00:43:55.256954351] [[INFO]] delta_time 0.000204351
[2026-07-09 00:43:55.263203422] [[INFO]] delta_time 0.000313424
[2026-07-09 00:43:55.269265618] [[INFO]] delta_time 0.000312652
[2026-07-09 00:43:55.275384303] [[INFO]] delta_time 0.000429205
[2026-07-09 00:43:55.281503258] [[INFO]] delta_time 0.000378331
[2026-07-09 00:43:55.287620390] [[INFO]] delta_time 0.000513456
[2026-07-09 00:43:55.293571768] [[INFO]] delta_time 0.000434411
[2026-07-09 00:43:55.299564594] [[INFO]] delta_time 0.000449762
[2026-07-09 00:43:55.305682322] [[INFO]] delta_time 0.000447194
[2026-07-09 00:43:55.311611038] [[INFO]] delta_time 0.000351942
[2026-07-09 00:43:55.317985741] [[INFO]] delta_time 0.000565971
[2026-07-09 00:43:55.323700411] [[INFO]] delta_time 0.000284468
[2026-07-09 00:43:55.329790620] [[INFO]] delta_time 0.000353329
[2026-07-09 00:43:55.336036342] [[INFO]] delta_time 0.000383466
[2026-07-09 00:43:55.341852071] [[INFO]] delta_time 0.000246372
[2026-07-09 00:43:55.348093045] [[INFO]] delta_time 0.000354522
[2026-07-09 00:43:55.354074063] [[INFO]] delta_time 0.000361266
[2026-07-09 00:43:55.360283576] [[INFO]] delta_time 0.000472449
[2026-07-09 00:43:55.366209771] [[INFO]] delta_time 0.00035227
[2026-07-09 00:43:55.372229539] [[INFO]] delta_time 0.000316848
[2026-07-09 00:43:55.378432914] [[INFO]] delta_time 0.000353876
[2026-07-09 00:43:55.384431280] [[INFO]] delta_time 0.000293137
[2026-07-09 00:43:55.390397640] [[INFO]] delta_time 0.00026092
[2026-07-09 00:43:55.396420866] [[INFO]] delta_time 0.000308869
[2026-07-09 00:43:55.402746930] [[INFO]] delta_time 0.000403253
[2026-07-09 00:43:55.408696990] [[INFO]] delta_time 0.000361975
[2026-07-09 00:43:55.414829746] [[INFO]] delta_time 0.000356482
[2026-07-09 00:43:55.421040534] [[INFO]] delta_time 0.000358746
[2026-07-09 00:43:55.427174002] [[INFO]] delta_time 0.000577199
[2026-07-09 00:43:55.433016596] [[INFO]] delta_time 0.000307475
[2026-07-09 00:43:55.439081778] [[INFO]] delta_time 0.000383858
[2026-07-09 00:43:55.445059708] [[INFO]] delta_time 0.000312925
[2026-07-09 00:43:55.451259032] [[INFO]] delta_time 0.000414181
[2026-07-09 00:43:55.457112349] [[INFO]] delta_time 0.000239634
[2026-07-09 00:43:55.463122911] [[INFO]] delta_time 0.000280775
[2026-07-09 00:43:55.469341592] [[INFO]] delta_time 0.00028211
[2026-07-09 00:43:55.475287471] [[INFO]] delta_time 0.000337353
[2026-07-09 00:43:55.481446345] [[INFO]] delta_time 0.000351249
[2026-07-09 00:43:55.487530347] [[INFO]] delta_time 0.000352944
[2026-07-09 00:43:55.493588337] [[INFO]] delta_time 0.000348468
[2026-07-09 00:43:55.499476636] [[INFO]] delta_time 0.0002261
[2026-07-09 00:43:55.505627354] [[INFO]] delta_time 0.000324414
[2026-07-09 00:43:55.511689747] [[INFO]] delta_time 0.000325217
[2026-07-09 00:43:55.517701154] [[INFO]] delta_time 0.000270197
[2026-07-09 00:43:55.523901584] [[INFO]] delta_time 0.000339459
[2026-07-09 00:43:55.529917356] [[INFO]] delta_time 0.000331974
[2026-07-09 00:43:55.536114948] [[INFO]] delta_time 0.000485343
[2026-07-09 00:43:55.542131501] [[INFO]] delta_time 0.000402366
[2026-07-09 00:43:55.548100695] [[INFO]] delta_time 0.000327276
[2026-07-09 00:43:55.554206392] [[INFO]] delta_time 0.000289636
[2026-07-09 00:43:55.560232416] [[INFO]] delta_time 0.000299389
[2026-07-09 00:43:55.566271347] [[INFO]] delta_time 0.000192449
[2026-07-09 00:43:55.572461219] [[INFO]] delta_time 0.000354755
[2026-07-09 00:43:55.578608365] [[INFO]] delta_time 0.000412003
[2026-07-09 00:43:55.584767438] [[INFO]] delta_time 0.000610649
[2026-07-09 00:43:55.590790554] [[INFO]] delta_time 0.000407562
[2026-07-09 00:43:55.596561010] [[INFO]] delta_time 0.000255492
[2026-07-09 00:43:55.602708016] [[INFO]] delta_time 0.000344056
[2026-07-09 00:43:55.608749357] [[INFO]] delta_time 0.000355664
[2026-07-09 00:43:55.614813169] [[INFO]] delta_time 0.000287712
[2026-07-09 00:43:55.620828072] [[INFO]] delta_time 0.000271963
[2026-07-09 00:43:55.626968172] [[INFO]] delta_time 0.000341128
[2026-07-09 00:43:55.632933729] [[INFO]] delta_time 0.000328105
[2026-07-09 00:43:55.639105482] [[INFO]] delta_time 0.000399503
[2026-07-09 00:43:55.645246347] [[INFO]] delta_time 0.000482364
[2026-07-09 00:43:55.651369968] [[INFO]] delta_time 0.000333771
[2026-07-09 00:43:55.657500765] [[INFO]] delta_time 0.000442127
[2026-07-09 00:43:55.663482994] [[INFO]] delta_time 0.000411643
[2026-07-09 00:43:55.669424911] [[INFO]] delta_time 0.000376215
[2026-07-09 00:43:55.675445614] [[INFO]] delta_time 0.000318838
[2026-07-09 00:43:55.681589402] [[INFO]] delta_time 0.000281144
[2026-07-09 00:43:55.687544045] [[INFO]] delta_time 0.00035288
[2026-07-09 00:43:55.693708702] [[INFO]] delta_time 0.000457679
[2026-07-09 00:43:55.699764295] [[INFO]] delta_time 0.000353763
[2026-07-09 00:43:55.705718571] [[INFO]] delta_time 0.000295925
[2026-07-09 00:43:55.711914490] [[INFO]] delta_time 0.000324944
[2026-07-09 00:43:55.717914707] [[INFO]] delta_time 0.0003154
[2026-07-09 00:43:55.724039609] [[INFO]] delta_time 0.000417934
[2026-07-09 00:43:55.730268630] [[INFO]] delta_time 0.000418283
[2026-07-09 00:43:55.736335877] [[INFO]] delta_time 0.00046663
[2026-07-09 00:43:55.742325535] [[INFO]] delta_time 0.000385207
[2026-07-09 00:43:55.748386854] [[INFO]] delta_time 0.000276971
[2026-07-09 00:43:55.754392785] [[INFO]] delta_time 0.000405005
[2026-07-09 00:43:55.760521897] [[INFO]] delta_time 0.000315096
[2026-07-09 00:43:55.766428870] [[INFO]] delta_time 0.000347199
[2026-07-09 00:43:55.772945691] [[INFO]] delta_time 0.000820783
[2026-07-09 00:43:55.778469005] [[INFO]] delta_time 0.000331095
[2026-07-09 00:43:55.784508118] [[INFO]] delta_time 0.000358839
[2026-07-09 00:43:55.790632229] [[INFO]] delta_time 0.000365125
[2026-07-09 00:43:55.796758376] [[INFO]] delta_time 0.000307978
[2026-07-09 00:43:55.802755625] [[INFO]] delta_time 0.000338407
[2026-07-09 00:43:55.808795689] [[INFO]] delta_time 0.00036077
[2026-07-09 00:43:55.815115743] [[INFO]] delta_time 0.0005049
[2026-07-09 00:43:55.821286188] [[INFO]] delta_time 0.000608089
[2026-07-09 00:43:55.827299230] [[INFO]] delta_time 0.000453284
[2026-07-09 00:43:55.833133976] [[INFO]] delta_time 0.000314813
[2026-07-09 00:43:55.839291875] [[INFO]] delta_time 0.000359989
[2026-07-09 00:43:55.845211194] [[INFO]] delta_time 0.000343982
[2026-07-09 00:43:55.851456407] [[INFO]] delta_time 0.000490774
[2026-07-09 00:43:55.857208458] [[INFO]] delta_time 0.00019642
[2026-07-09 00:43:55.863356455] [[INFO]] delta_time 0.000280684
[2026-07-09 00:43:55.869341822] [[INFO]] delta_time 0.000266752
[2026-07-09 00:43:55.875432433] [[INFO]] delta_time 0.000271476
[2026-07-09 00:43:55.881578399] [[INFO]] delta_time 0.000376771
[2026-07-09 00:43:55.887573185] [[INFO]] delta_time 0.000310806
[2026-07-09 00:43:55.893598999] [[INFO]] delta_time 0.000280324
[2026-07-09 00:43:55.899736023] [[INFO]] delta_time 0.000263886
[2026-07-09 00:43:55.905851785] [[INFO]] delta_time 0.000382591
[2026-07-09 00:43:55.911967569] [[INFO]] delta_time 0.000328254
[2026-07-09 00:43:55.918079155] [[INFO]] delta_time 0.000387013
[2026-07-09 00:43:55.924040995] [[INFO]] delta_time 0.00031011
[2026-07-09 00:43:55.930053756] [[INFO]] delta_time 0.000305978
[2026-07-09 00:43:55.936239617] [[INFO]] delta_time 0.000372439
[2026-07-09 00:43:55.942126423] [[INFO]] delta_time 0.000290592
[2026-07-09 00:43:55.948301640] [[INFO]] delta_time 0.000411018
[2026-07-09 00:43:55.954400107] [[INFO]] delta_time 0.00040494
[2026-07-09 00:43:55.960538160] [[INFO]] delta_time 0.000470195
[2026-07-09 00:43:55.966452867] [[INFO]] delta_time 0.000333444
[2026-07-09 00:43:55.972553041] [[INFO]] delta_time 0.000380213
[2026-07-09 00:43:55.978479616] [[INFO]] delta_time 0.000291311
[2026-07-09 00:43:55.984704960] [[INFO]] delta_time 0.000361374
[2026-07-09 00:43:55.990797336] [[INFO]] delta_time 0.000368175
[2026-07-09 00:43:55.996862137] [[INFO]] delta_time 0.000402272
[2026-07-09 00:43:56.002935042] [[INFO]] delta_time 0.000437731
[2026-07-09 00:43:56.008823994] [[INFO]] delta_time 0.000312315
[2026-07-09 00:43:56.014931428] [[INFO]] delta_time 0.00031941
[2026-07-09 00:43:56.014938895] [[DEBUG]] auto_aim fps 164.936
[2026-07-09 00:43:56.020970211] [[INFO]] delta_time 0.000323046
[2026-07-09 00:43:56.027149607] [[INFO]] delta_time 0.000359489
[2026-07-09 00:43:56.033292423] [[INFO]] delta_time 0.000503604
[2026-07-09 00:43:56.039271184] [[INFO]] delta_time 0.000359913
[2026-07-09 00:43:56.045320425] [[INFO]] delta_time 0.000379015
[2026-07-09 00:43:56.051242702] [[INFO]] delta_time 0.000250471
[2026-07-09 00:43:56.057553543] [[INFO]] delta_time 0.000365804
[2026-07-09 00:43:56.063702979] [[INFO]] delta_time 0.000493897
[2026-07-09 00:43:56.069772118] [[INFO]] delta_time 0.0004426
[2026-07-09 00:43:56.075819314] [[INFO]] delta_time 0.000364584
[2026-07-09 00:43:56.081954069] [[INFO]] delta_time 0.000443188
[2026-07-09 00:43:56.088094142] [[INFO]] delta_time 0.00053057
[2026-07-09 00:43:56.093934311] [[INFO]] delta_time 0.000403941
[2026-07-09 00:43:56.100049542] [[INFO]] delta_time 0.000384111
[2026-07-09 00:43:56.106075158] [[INFO]] delta_time 0.000377465
[2026-07-09 00:43:56.112057426] [[INFO]] delta_time 0.000280707
[2026-07-09 00:43:56.118245062] [[INFO]] delta_time 0.000390667
[2026-07-09 00:43:56.124356641] [[INFO]] delta_time 0.000431215
[2026-07-09 00:43:56.130390534] [[INFO]] delta_time 0.000487279
[2026-07-09 00:43:56.136233309] [[INFO]] delta_time 0.000329295
[2026-07-09 00:43:56.142475849] [[INFO]] delta_time 0.000396803
[2026-07-09 00:43:56.148385620] [[INFO]] delta_time 0.00030458
[2026-07-09 00:43:56.154285459] [[INFO]] delta_time 0.000242827
[2026-07-09 00:43:56.160523012] [[INFO]] delta_time 0.000341159
[2026-07-09 00:43:56.166389408] [[INFO]] delta_time 0.000255293
[2026-07-09 00:43:56.172539124] [[INFO]] delta_time 0.000297556
[2026-07-09 00:43:56.178521218] [[INFO]] delta_time 0.000260409
[2026-07-09 00:43:56.184638742] [[INFO]] delta_time 0.00025296
[2026-07-09 00:43:56.190866522] [[INFO]] delta_time 0.000357615
[2026-07-09 00:43:56.196995934] [[INFO]] delta_time 0.000362157
[2026-07-09 00:43:56.202851640] [[INFO]] delta_time 0.000267553
[2026-07-09 00:43:56.208983312] [[INFO]] delta_time 0.000359343
[2026-07-09 00:43:56.215130169] [[INFO]] delta_time 0.000347296
[2026-07-09 00:43:56.220960472] [[INFO]] delta_time 0.000244312
[2026-07-09 00:43:56.227214413] [[INFO]] delta_time 0.00040434
[2026-07-09 00:43:56.233144616] [[INFO]] delta_time 0.000290265
[2026-07-09 00:43:56.239527276] [[INFO]] delta_time 0.000598959
[2026-07-09 00:43:56.245406813] [[INFO]] delta_time 0.000329123
[2026-07-09 00:43:56.251625054] [[INFO]] delta_time 0.000394445
[2026-07-09 00:43:56.257552350] [[INFO]] delta_time 0.000268257
[2026-07-09 00:43:56.263662735] [[INFO]] delta_time 0.000378332
[2026-07-09 00:43:56.269660559] [[INFO]] delta_time 0.000380564
[2026-07-09 00:43:56.275641697] [[INFO]] delta_time 0.000331075
[2026-07-09 00:43:56.281653710] [[INFO]] delta_time 0.000274658
[2026-07-09 00:43:56.287762775] [[INFO]] delta_time 0.000234468
[2026-07-09 00:43:56.294021258] [[INFO]] delta_time 0.000298742
[2026-07-09 00:43:56.300171059] [[INFO]] delta_time 0.000409194
[2026-07-09 00:43:56.306501821] [[INFO]] delta_time 0.000557901
[2026-07-09 00:43:56.312368944] [[INFO]] delta_time 0.000380207
[2026-07-09 00:43:56.318447086] [[INFO]] delta_time 0.000386923
[2026-07-09 00:43:56.324368715] [[INFO]] delta_time 0.000375674
[2026-07-09 00:43:56.330391742] [[INFO]] delta_time 0.000363409
[2026-07-09 00:43:56.336531057] [[INFO]] delta_time 0.000428282
[2026-07-09 00:43:56.342611283] [[INFO]] delta_time 0.000451976
[2026-07-09 00:43:56.348528642] [[INFO]] delta_time 0.000273884
[2026-07-09 00:43:56.354635846] [[INFO]] delta_time 0.000372488
[2026-07-09 00:43:56.360697441] [[INFO]] delta_time 0.000355976
[2026-07-09 00:43:56.366672359] [[INFO]] delta_time 0.000351359
[2026-07-09 00:43:56.372796079] [[INFO]] delta_time 0.00041873
[2026-07-09 00:43:56.378898915] [[INFO]] delta_time 0.000358926
[2026-07-09 00:43:56.384911113] [[INFO]] delta_time 0.000339219
[2026-07-09 00:43:56.391032492] [[INFO]] delta_time 0.000498853
[2026-07-09 00:43:56.397050214] [[INFO]] delta_time 0.000481564
[2026-07-09 00:43:56.402942236] [[INFO]] delta_time 0.000303136
[2026-07-09 00:43:56.409286017] [[INFO]] delta_time 0.000558173
[2026-07-09 00:43:56.415290151] [[INFO]] delta_time 0.000512649
[2026-07-09 00:43:56.421093188] [[INFO]] delta_time 0.000283753
[2026-07-09 00:43:56.427300521] [[INFO]] delta_time 0.000247517
[2026-07-09 00:43:56.433428556] [[INFO]] delta_time 0.000343443
[2026-07-09 00:43:56.439554820] [[INFO]] delta_time 0.000406268
[2026-07-09 00:43:56.445467648] [[INFO]] delta_time 0.000392215
[2026-07-09 00:43:56.451564340] [[INFO]] delta_time 0.000374312
[2026-07-09 00:43:56.457629015] [[INFO]] delta_time 0.000339035
[2026-07-09 00:43:56.463685455] [[INFO]] delta_time 0.000362954
[2026-07-09 00:43:56.469631981] [[INFO]] delta_time 0.000285999
[2026-07-09 00:43:56.475878597] [[INFO]] delta_time 0.000378833
[2026-07-09 00:43:56.481842534] [[INFO]] delta_time 0.000271829
[2026-07-09 00:43:56.488081558] [[INFO]] delta_time 0.000440281
[2026-07-09 00:43:56.494216570] [[INFO]] delta_time 0.000454694
[2026-07-09 00:43:56.500112750] [[INFO]] delta_time 0.000365402
[2026-07-09 00:43:56.506177649] [[INFO]] delta_time 0.000352723
[2026-07-09 00:43:56.512231387] [[INFO]] delta_time 0.0003462
[2026-07-09 00:43:56.518490899] [[INFO]] delta_time 0.000563734
[2026-07-09 00:43:56.524293547] [[INFO]] delta_time 0.000295009
[2026-07-09 00:43:56.530283210] [[INFO]] delta_time 0.00033659
[2026-07-09 00:43:56.536474884] [[INFO]] delta_time 0.000344651
[2026-07-09 00:43:56.542432090] [[INFO]] delta_time 0.000312076
[2026-07-09 00:43:56.548833008] [[INFO]] delta_time 0.000439937
[2026-07-09 00:43:56.554790041] [[INFO]] delta_time 0.000544064
[2026-07-09 00:43:56.560775536] [[INFO]] delta_time 0.000500662
[2026-07-09 00:43:56.566750895] [[INFO]] delta_time 0.000352975
[2026-07-09 00:43:56.572803143] [[INFO]] delta_time 0.000361942
[2026-07-09 00:43:56.578744777] [[INFO]] delta_time 0.000258723
[2026-07-09 00:43:56.585076561] [[INFO]] delta_time 0.000460506
[2026-07-09 00:43:56.591058311] [[INFO]] delta_time 0.000367903
[2026-07-09 00:43:56.597059870] [[INFO]] delta_time 0.000349559
[2026-07-09 00:43:56.603130192] [[INFO]] delta_time 0.000348257
[2026-07-09 00:43:56.609184727] [[INFO]] delta_time 0.000325282
[2026-07-09 00:43:56.615354310] [[INFO]] delta_time 0.00040087
[2026-07-09 00:43:56.621534843] [[INFO]] delta_time 0.000502057
[2026-07-09 00:43:56.627389828] [[INFO]] delta_time 0.000412452
[2026-07-09 00:43:56.633543349] [[INFO]] delta_time 0.000537366
[2026-07-09 00:43:56.639496974] [[INFO]] delta_time 0.000303068
[2026-07-09 00:43:56.645493269] [[INFO]] delta_time 0.000319828
[2026-07-09 00:43:56.651648163] [[INFO]] delta_time 0.000327361
[2026-07-09 00:43:56.657828857] [[INFO]] delta_time 0.000447556
[2026-07-09 00:43:56.663845831] [[INFO]] delta_time 0.000398657
[2026-07-09 00:43:56.669932743] [[INFO]] delta_time 0.000399169
[2026-07-09 00:43:56.676123077] [[INFO]] delta_time 0.00046129
[2026-07-09 00:43:56.682084408] [[INFO]] delta_time 0.000378334
[2026-07-09 00:43:56.688054222] [[INFO]] delta_time 0.000303895
[2026-07-09 00:43:56.694331416] [[INFO]] delta_time 0.000401261
[2026-07-09 00:43:56.700167322] [[INFO]] delta_time 0.00034932
[2026-07-09 00:43:56.706250790] [[INFO]] delta_time 0.000440701
[2026-07-09 00:43:56.712313191] [[INFO]] delta_time 0.000346404
[2026-07-09 00:43:56.718499777] [[INFO]] delta_time 0.000420193
[2026-07-09 00:43:56.724421448] [[INFO]] delta_time 0.000326585
[2026-07-09 00:43:56.730596910] [[INFO]] delta_time 0.000391441
[2026-07-09 00:43:56.736589032] [[INFO]] delta_time 0.000386199
[2026-07-09 00:43:56.742638524] [[INFO]] delta_time 0.00036333
[2026-07-09 00:43:56.748710373] [[INFO]] delta_time 0.000367558
[2026-07-09 00:43:56.754726705] [[INFO]] delta_time 0.00034198
[2026-07-09 00:43:56.760802958] [[INFO]] delta_time 0.000333203
[2026-07-09 00:43:56.766846352] [[INFO]] delta_time 0.00032297
[2026-07-09 00:43:56.773198408] [[INFO]] delta_time 0.000583875
[2026-07-09 00:43:56.778946232] [[INFO]] delta_time 0.00032338
[2026-07-09 00:43:56.785199416] [[INFO]] delta_time 0.00039292
[2026-07-09 00:43:56.791220772] [[INFO]] delta_time 0.000401764
[2026-07-09 00:43:56.797208120] [[INFO]] delta_time 0.000475982
[2026-07-09 00:43:56.803201760] [[INFO]] delta_time 0.000348096
[2026-07-09 00:43:56.809247355] [[INFO]] delta_time 0.000376411
[2026-07-09 00:43:56.815274811] [[INFO]] delta_time 0.000324764
[2026-07-09 00:43:56.821528970] [[INFO]] delta_time 0.000411183
[2026-07-09 00:43:56.827624062] [[INFO]] delta_time 0.000457494
[2026-07-09 00:43:56.833892319] [[INFO]] delta_time 0.000607549
[2026-07-09 00:43:56.839805220] [[INFO]] delta_time 0.000560854
[2026-07-09 00:43:56.845841885] [[INFO]] delta_time 0.00048313
[2026-07-09 00:43:56.851574333] [[INFO]] delta_time 0.000272031
[2026-07-09 00:43:56.857815510] [[INFO]] delta_time 0.000273437
[2026-07-09 00:43:56.863970900] [[INFO]] delta_time 0.000304396
[2026-07-09 00:43:56.870003750] [[INFO]] delta_time 0.000298345
[2026-07-09 00:43:56.875996161] [[INFO]] delta_time 0.00035191
[2026-07-09 00:43:56.881996297] [[INFO]] delta_time 0.000330802
[2026-07-09 00:43:56.888326993] [[INFO]] delta_time 0.000401642
[2026-07-09 00:43:56.894177680] [[INFO]] delta_time 0.000318677
[2026-07-09 00:43:56.900387087] [[INFO]] delta_time 0.000547661
[2026-07-09 00:43:56.906155850] [[INFO]] delta_time 0.00026743
[2026-07-09 00:43:56.912238311] [[INFO]] delta_time 0.000298968
[2026-07-09 00:43:56.918478421] [[INFO]] delta_time 0.00034168
[2026-07-09 00:43:56.924495970] [[INFO]] delta_time 0.000307345
[2026-07-09 00:43:56.930921355] [[INFO]] delta_time 0.000634906
[2026-07-09 00:43:56.936780545] [[INFO]] delta_time 0.000400718
[2026-07-09 00:43:56.942928059] [[INFO]] delta_time 0.00047407
[2026-07-09 00:43:56.948933152] [[INFO]] delta_time 0.000320249
[2026-07-09 00:43:56.954982210] [[INFO]] delta_time 0.000321295
[2026-07-09 00:43:56.960967762] [[INFO]] delta_time 0.000365811
[2026-07-09 00:43:56.966884578] [[INFO]] delta_time 0.000277578
[2026-07-09 00:43:56.973143659] [[INFO]] delta_time 0.000449911
[2026-07-09 00:43:56.979098616] [[INFO]] delta_time 0.000356376
[2026-07-09 00:43:56.985373249] [[INFO]] delta_time 0.000451098
[2026-07-09 00:43:56.991421252] [[INFO]] delta_time 0.000451966
[2026-07-09 00:43:56.997493310] [[INFO]] delta_time 0.000389634
[2026-07-09 00:43:57.003315053] [[INFO]] delta_time 0.000315641
[2026-07-09 00:43:57.009590825] [[INFO]] delta_time 0.000369854
[2026-07-09 00:43:57.015617865] [[INFO]] delta_time 0.000394271
[2026-07-09 00:43:57.015627578] [[DEBUG]] auto_aim fps 164.887
[2026-07-09 00:43:57.021582735] [[INFO]] delta_time 0.000354823
[2026-07-09 00:43:57.027919761] [[INFO]] delta_time 0.000487956
[2026-07-09 00:43:57.033817720] [[INFO]] delta_time 0.000427848
[2026-07-09 00:43:57.039920974] [[INFO]] delta_time 0.000444299
[2026-07-09 00:43:57.046050076] [[INFO]] delta_time 0.000475392
[2026-07-09 00:43:57.052133248] [[INFO]] delta_time 0.000522859
[2026-07-09 00:43:57.057992501] [[INFO]] delta_time 0.000433415
[2026-07-09 00:43:57.064048340] [[INFO]] delta_time 0.000366071
[2026-07-09 00:43:57.070068183] [[INFO]] delta_time 0.000357309
[2026-07-09 00:43:57.076078089] [[INFO]] delta_time 0.000314329
[2026-07-09 00:43:57.082064213] [[INFO]] delta_time 0.000338366
[2026-07-09 00:43:57.088098163] [[INFO]] delta_time 0.000255995
[2026-07-09 00:43:57.094175581] [[INFO]] delta_time 0.000312769
[2026-07-09 00:43:57.100234347] [[INFO]] delta_time 0.000334739
[2026-07-09 00:43:57.106525703] [[INFO]] delta_time 0.000549267
[2026-07-09 00:43:57.112444835] [[INFO]] delta_time 0.000400521
[2026-07-09 00:43:57.118571120] [[INFO]] delta_time 0.000429018
[2026-07-09 00:43:57.124556829] [[INFO]] delta_time 0.00037501
[2026-07-09 00:43:57.130703128] [[INFO]] delta_time 0.00042077
[2026-07-09 00:43:57.136707714] [[INFO]] delta_time 0.00034438
[2026-07-09 00:43:57.142916167] [[INFO]] delta_time 0.000418621
[2026-07-09 00:43:57.148901885] [[INFO]] delta_time 0.000392804
[2026-07-09 00:43:57.154858624] [[INFO]] delta_time 0.00030987
[2026-07-09 00:43:57.160934796] [[INFO]] delta_time 0.000331719
[2026-07-09 00:43:57.167047567] [[INFO]] delta_time 0.000328346
[2026-07-09 00:43:57.173150045] [[INFO]] delta_time 0.000363339
[2026-07-09 00:43:57.179064711] [[INFO]] delta_time 0.000246753
[2026-07-09 00:43:57.185334500] [[INFO]] delta_time 0.000342874
[2026-07-09 00:43:57.191278160] [[INFO]] delta_time 0.000226203
[2026-07-09 00:43:57.197361137] [[INFO]] delta_time 0.000254916
[2026-07-09 00:43:57.203458849] [[INFO]] delta_time 0.000268238
[2026-07-09 00:43:57.209534250] [[INFO]] delta_time 0.000372881
[2026-07-09 00:43:57.215842285] [[INFO]] delta_time 0.000397782
[2026-07-09 00:43:57.221763152] [[INFO]] delta_time 0.000330652
[2026-07-09 00:43:57.228077482] [[INFO]] delta_time 0.000484691
[2026-07-09 00:43:57.234038147] [[INFO]] delta_time 0.000453781
[2026-07-09 00:43:57.240030394] [[INFO]] delta_time 0.000356956
[2026-07-09 00:43:57.246277207] [[INFO]] delta_time 0.000566067
[2026-07-09 00:43:57.252013779] [[INFO]] delta_time 0.000297968
[2026-07-09 00:43:57.257985736] [[INFO]] delta_time 0.000297022
[2026-07-09 00:43:57.264172623] [[INFO]] delta_time 0.000405174
[2026-07-09 00:43:57.270165335] [[INFO]] delta_time 0.000292378
[2026-07-09 00:43:57.276223828] [[INFO]] delta_time 0.000324237
[2026-07-09 00:43:57.282399418] [[INFO]] delta_time 0.000306229
[2026-07-09 00:43:57.288422812] [[INFO]] delta_time 0.000330438
[2026-07-09 00:43:57.294395093] [[INFO]] delta_time 0.000358121
[2026-07-09 00:43:57.300212216] [[INFO]] delta_time 0.00021785
[2026-07-09 00:43:57.306572796] [[INFO]] delta_time 0.000269132
[2026-07-09 00:43:57.312480270] [[INFO]] delta_time 0.00025967
[2026-07-09 00:43:57.318832634] [[INFO]] delta_time 0.000332688
[2026-07-09 00:43:57.324641485] [[INFO]] delta_time 0.000294863
[2026-07-09 00:43:57.330791238] [[INFO]] delta_time 0.000313644
[2026-07-09 00:43:57.336872218] [[INFO]] delta_time 0.000256883
[2026-07-09 00:43:57.343111224] [[INFO]] delta_time 0.000569045
[2026-07-09 00:43:57.349169869] [[INFO]] delta_time 0.000505851
[2026-07-09 00:43:57.355156382] [[INFO]] delta_time 0.000386855
[2026-07-09 00:43:57.361206683] [[INFO]] delta_time 0.000351125
[2026-07-09 00:43:57.367303733] [[INFO]] delta_time 0.000404041
[2026-07-09 00:43:57.373191180] [[INFO]] delta_time 0.000252743
[2026-07-09 00:43:57.379386728] [[INFO]] delta_time 0.00041676
[2026-07-09 00:43:57.385510625] [[INFO]] delta_time 0.000545269
[2026-07-09 00:43:57.391300571] [[INFO]] delta_time 0.000339141
[2026-07-09 00:43:57.397391882] [[INFO]] delta_time 0.000373601
[2026-07-09 00:43:57.403399942] [[INFO]] delta_time 0.000317708
[2026-07-09 00:43:57.409577376] [[INFO]] delta_time 0.00044198
[2026-07-09 00:43:57.415513505] [[INFO]] delta_time 0.000352006
[2026-07-09 00:43:57.421573272] [[INFO]] delta_time 0.000285477
[2026-07-09 00:43:57.427682145] [[INFO]] delta_time 0.00036112
[2026-07-09 00:43:57.433727693] [[INFO]] delta_time 0.000298087
[2026-07-09 00:43:57.440046031] [[INFO]] delta_time 0.000471278
[2026-07-09 00:43:57.445892973] [[INFO]] delta_time 0.000376038
[2026-07-09 00:43:57.452207956] [[INFO]] delta_time 0.000545971
[2026-07-09 00:43:57.458132432] [[INFO]] delta_time 0.000391063
[2026-07-09 00:43:57.464146221] [[INFO]] delta_time 0.000330919
[2026-07-09 00:43:57.470214277] [[INFO]] delta_time 0.000286828
[2026-07-09 00:43:57.476329461] [[INFO]] delta_time 0.000443344
[2026-07-09 00:43:57.482502151] [[INFO]] delta_time 0.000451098
[2026-07-09 00:43:57.488562688] [[INFO]] delta_time 0.000464351
[2026-07-09 00:43:57.494515493] [[INFO]] delta_time 0.000321695
[2026-07-09 00:43:57.500394275] [[INFO]] delta_time 0.000232413
[2026-07-09 00:43:57.506545366] [[INFO]] delta_time 0.000409258
[2026-07-09 00:43:57.512532329] [[INFO]] delta_time 0.000353996
[2026-07-09 00:43:57.518620469] [[INFO]] delta_time 0.000327265
[2026-07-09 00:43:57.524774147] [[INFO]] delta_time 0.000427605
[2026-07-09 00:43:57.530835952] [[INFO]] delta_time 0.000326235
[2026-07-09 00:43:57.536866878] [[INFO]] delta_time 0.000273114
[2026-07-09 00:43:57.542948203] [[INFO]] delta_time 0.00033817
[2026-07-09 00:43:57.549142014] [[INFO]] delta_time 0.00028048
[2026-07-09 00:43:57.555199980] [[INFO]] delta_time 0.00031053
[2026-07-09 00:43:57.561242014] [[INFO]] delta_time 0.000355289
[2026-07-09 00:43:57.567376486] [[INFO]] delta_time 0.000317733
[2026-07-09 00:43:57.573322078] [[INFO]] delta_time 0.000323855
[2026-07-09 00:43:57.579622150] [[INFO]] delta_time 0.000435156
[2026-07-09 00:43:57.585636843] [[INFO]] delta_time 0.000365595
[2026-07-09 00:43:57.591642077] [[INFO]] delta_time 0.000392813
[2026-07-09 00:43:57.597718267] [[INFO]] delta_time 0.000340747
[2026-07-09 00:43:57.603778759] [[INFO]] delta_time 0.000363584
[2026-07-09 00:43:57.609963840] [[INFO]] delta_time 0.000463381
[2026-07-09 00:43:57.615900699] [[INFO]] delta_time 0.000422089
[2026-07-09 00:43:57.622095295] [[INFO]] delta_time 0.00048515
[2026-07-09 00:43:57.628014441] [[INFO]] delta_time 0.000385367
[2026-07-09 00:43:57.634040802] [[INFO]] delta_time 0.000395638
[2026-07-09 00:43:57.639990115] [[INFO]] delta_time 0.000244472
[2026-07-09 00:43:57.646065177] [[INFO]] delta_time 0.00035983
[2026-07-09 00:43:57.652053934] [[INFO]] delta_time 0.000293863
[2026-07-09 00:43:57.658410823] [[INFO]] delta_time 0.000528818
[2026-07-09 00:43:57.664141141] [[INFO]] delta_time 0.000300087
[2026-07-09 00:43:57.670344841] [[INFO]] delta_time 0.000288496
[2026-07-09 00:43:57.676305260] [[INFO]] delta_time 0.000253198
[2026-07-09 00:43:57.682377451] [[INFO]] delta_time 0.00029433
[2026-07-09 00:43:57.688507225] [[INFO]] delta_time 0.000309537
[2026-07-09 00:43:57.694584048] [[INFO]] delta_time 0.000366522
[2026-07-09 00:43:57.700791729] [[INFO]] delta_time 0.00039867
[2026-07-09 00:43:57.706768944] [[INFO]] delta_time 0.000401699
[2026-07-09 00:43:57.712878937] [[INFO]] delta_time 0.000385314
[2026-07-09 00:43:57.718908086] [[INFO]] delta_time 0.000325312
[2026-07-09 00:43:57.725192753] [[INFO]] delta_time 0.000463794
[2026-07-09 00:43:57.731430264] [[INFO]] delta_time 0.000502496
[2026-07-09 00:43:57.737224616] [[INFO]] delta_time 0.000391399
[2026-07-09 00:43:57.743069131] [[INFO]] delta_time 0.000332898
[2026-07-09 00:43:57.749235693] [[INFO]] delta_time 0.000420725
[2026-07-09 00:43:57.755415021] [[INFO]] delta_time 0.000452751
[2026-07-09 00:43:57.761558150] [[INFO]] delta_time 0.000344302
[2026-07-09 00:43:57.767378037] [[INFO]] delta_time 0.000344441
[2026-07-09 00:43:57.773314143] [[INFO]] delta_time 0.000329499
